/home/irv/demos/examples/Archives/GalleryMaker.ex:48 in function SelectFolder() 
type_check failure, input is -4 

^^^ call-back from external source

... called from /home/irv/demos/GtkEngine.e:9649 in function gtk_proc()  
    name = <no value>
    params = <no value>
    values = <no value>
    fn = <no value>
    i = 4

... called from /home/irv/demos/GtkEngine.e:1175 in procedure main()  

... called from /home/irv/demos/examples/Archives/GalleryMaker.ex:38 


Public & Export & Global & Local Variables

 /home/irv/demos/GtkEngine.e:
    libpath = {67'C',58':',47'/',80'P',114'r',111'o',103'g',114'r',97'a',
109'm',32' ',70'F',105'i',108'l',101'e',115's',47'/',71'G',84'T',75'K',51'3',
45'-',82'R',117'u',110'n',116't',105'i',109'm',101'e',32' ',87'W',105'i',
110'n',54'6',52'4',47'/',98'b',105'i',110'n',47'/'}
    gtklibs = {108'l',105'i',98'b',103'g',116't',107'k',45'-',51'3',46'.',
115's',111'o',46'.',48'0'}
    BTN_ICON_SIZE = 20
    BTN_TEXT_FONT = 0
    BTN_TEXT_SIZE = 0
    BTN_SHOW_IMGS = 1
    multi_tasking = 0
    ACCEL_FONT = {105'i',116't',97'a',108'l',105'i',99'c',32' ',49'1',48'0'}
    MENU_SHOW_IMG = 0

 /usr/local/include/std/memconst.e:
    DEP_really_works = 0
    use_DEP = 1
    FREE_RID = 2
    kernel_dll = <no value>
    memDLL_id = <no value>
    VirtualAlloc_rid = <no value>
    VirtualLock_rid = <no value>
    VirtualUnlock_rid = <no value>
    VirtualProtect_rid = <no value>
    GetLastError_rid = <no value>
    GetSystemInfo_rid = <no value>

 /usr/local/include/std/memory.e:
    edges_only = <no value>
    check_calls = 1
    VirtualFree_rid = <no value>

 /usr/local/include/std/types.e:
    Defined_Sets = {
                     {98'b',99'c',100'd',102'f',103'g',104'h',106'j',107'k',
108'l',109'm',110'n',112'p',113'q',114'r',115's',116't',118'v',119'w',120'x',
121'y',122'z',66'B',67'C',68'D',70'F',71'G',72'H',74'J',75'K',76'L',77'M',
78'N',80'P',81'Q',82'R',83'S',84'T',86'V',87'W',88'X',89'Y',90'Z'},
                     {97'a',101'e',105'i',111'o',117'u',65'A',69'E',73'I',
79'O',85'U'},
                     {
                       {48'0',57'9'},
                       {65'A',70'F'},
                       {97'a',102'f'}
                     },
                     {32' ',9,10,13,11,160},
                     {
                       {32' ',47'/'},
                       {58':',63'?'},
                       {91'[',96'`'},
                       {123'{',126'~'}
                     },
                     {
                       {32' ',126'~'}
                     },
                     {
                       {32' ',126'~'},
                       {32' ',32' '},
                       {9,9},
                       {10,10},
                       {13,13},
                       {8,8},
                       {7,7}
                     },
                     {
                       {97'a',122'z'}
                     },
                     {
                       {65'A',90'Z'}
                     },
                     {
                       {48'0',57'9'},
                       {97'a',122'z'},
                       {65'A',90'Z'}
                     },
                     {
                       {48'0',57'9'},
                       {97'a',122'z'},
                       {65'A',90'Z'},
                       {95'_',95'_'}
                     },
                     {
                       {97'a',122'z'},
                       {65'A',90'Z'}
                     },
                     {
                       {0,127}
                     },
                     {
                       {0,31},
                       {127,127}
                     },
                     {
                       {48'0',57'9'}
                     },
                     {
                       {33'!',126'~'}
                     },
                     {
                       {0,255}
                     },
                     {95'_'},
                     {1,0}
                   }

 /usr/local/include/std/machine.e:
    FREE_ARRAY_RID = 1
    page_size = 4096

 /usr/local/include/std/convert.e:
    mem = 49225728
    decimal_mark = 46'.'

 /usr/local/include/std/datetime.e:
    yydiff = 80'P'

 /usr/local/include/std/io.e:
    mem0 = 37212160
    mem1 = 37212161
    mem2 = 37212162
    mem3 = 37212163

 /usr/local/include/std/scinot.e:
    NATIVE_FORMAT = 3

 /usr/local/include/std/get.e:
    input_file = <no value>
    input_string = <no value>
    string_next = <no value>
    ch = <no value>
    leading_whitespace = <no value>

 /usr/local/include/std/datetime.e:
    month_names = {
                    {74'J',97'a',110'n',117'u',97'a',114'r',121'y'},
                    {70'F',101'e',98'b',114'r',117'u',97'a',114'r',121'y'},
                    {77'M',97'a',114'r',99'c',104'h'},
                    {65'A',112'p',114'r',105'i',108'l'},
                    {77'M',97'a',121'y'},
                    {74'J',117'u',110'n',101'e'},
                    {74'J',117'u',108'l',121'y'},
                    {65'A',117'u',103'g',117'u',115's',116't'},
                    {83'S',101'e',112'p',116't',101'e',109'm',98'b',101'e',
114'r'},
                    {79'O',99'c',116't',111'o',98'b',101'e',114'r'},
                    {78'N',111'o',118'v',101'e',109'm',98'b',101'e',114'r'},
                    {68'D',101'e',99'c',101'e',109'm',98'b',101'e',114'r'}
                  }
    month_abbrs = {
                    {74'J',97'a',110'n'},
                    {70'F',101'e',98'b'},
                    {77'M',97'a',114'r'},
                    {65'A',112'p',114'r'},
                    {77'M',97'a',121'y'},
                    {74'J',117'u',110'n'},
                    {74'J',117'u',108'l'},
                    {65'A',117'u',103'g'},
                    {83'S',101'e',112'p'},
                    {79'O',99'c',116't'},
                    {78'N',111'o',118'v'},
                    {68'D',101'e',99'c'}
                  }
    day_names = {
                  {83'S',117'u',110'n',100'd',97'a',121'y'},
                  {77'M',111'o',110'n',100'd',97'a',121'y'},
                  {84'T',117'u',101'e',115's',100'd',97'a',121'y'},
                  {87'W',101'e',100'd',110'n',101'e',115's',100'd',97'a',
121'y'},
                  {84'T',104'h',117'u',114'r',115's',100'd',97'a',121'y'},
                  {70'F',114'r',105'i',100'd',97'a',121'y'},
                  {83'S',97'a',116't',117'u',114'r',100'd',97'a',121'y'}
                }
    day_abbrs = {
                  {83'S',117'u',110'n'},
                  {77'M',111'o',110'n'},
                  {84'T',117'u',101'e'},
                  {87'W',101'e',100'd'},
                  {84'T',104'h',117'u'},
                  {70'F',114'r',105'i'},
                  {83'S',97'a',116't'}
                }
    ampm = {
             {65'A',77'M'},
             {80'P',77'M'}
           }

 /usr/local/include/std/filesys.e:
    STAT_VER = 0
    my_dir = -2
    InitCurDir = {47'/',104'h',111'o',109'm',101'e',47'/',105'i',114'r',118'v',
47'/',100'd',101'e',109'm',111'o',115's',47'/',101'e',120'x',97'a',109'm',
112'p',108'l',101'e',115's',47'/',65'A',114'r',99'c',104'h',105'i',118'v',
101'e',115's',47'/'}
    file_counters = {}

 /usr/local/include/std/pretty.e:
    pretty_end_col = <no value>
    pretty_chars = <no value>
    pretty_start_col = <no value>
    pretty_level = <no value>
    pretty_file = <no value>
    pretty_ascii = <no value>
    pretty_indent = <no value>
    pretty_ascii_min = <no value>
    pretty_ascii_max = <no value>
    pretty_line_count = <no value>
    pretty_line_max = <no value>
    pretty_dots = <no value>
    pretty_line_breaks = <no value>
    pretty_printing = <no value>
    pretty_fp_format = <no value>
    pretty_int_format = <no value>
    pretty_line = <no value>

 /usr/local/include/std/serialize.e:
    mem0 = 36970496
    mem1 = 36970497
    mem2 = 36970498
    mem3 = 36970499
    mem4 = 36970500
    mem5 = 36970501
    mem6 = 36970502
    mem7 = 36970503

 /usr/local/include/std/text.e:
    lower_case_SET = {}
    upper_case_SET = {}
    encoding_NAME = {65'A',83'S',67'C',73'I',73'I'}

 /usr/local/include/std/eumem.e:
    ram_space = {
                  {
                    32' ',
                    {
                      {-2,0,0},
                      {-2,0,0},
                      {-2,0,0},
                      {-2,0,0},
                      {-2,0,0},
                      {-2,0,0},
                      {-2,0,0},
                      {-2,0,0},
                      {-2,0,0},
                      {-2,0,0},
                      {-2,0,0},
                      {-2,0,0},
                      {-2,0,0},
                      {-2,0,0},
                      {-2,0,0},
                      {-2,0,0},
                      {-2,0,0},
                      {-2,0,0},
                      {-2,0,0},
                      {-2,0,0},
                      {-2,0,0},
                      {-2,0,0},
                      {-2,0,0},
                      {-2,0,0},
                      {-2,0,0},
                      {-2,0,0},
                      {-2,0,0},
                      {-2,0,0},
                      {-2,0,0},
                      {220409117,2147483648,32' '},
                      {-2,0,0},
                      {-2,0,0},
                      {-2,0,0},
                      {-2,0,0},
                      {-2,0,0},
                      {-2,0,0},
                      {-2,0,0},
                      {-2,0,0},
                      {26900518,32768,16},
                      {192964903,16384,15},
                      {232743720,262144,19},
                      {-2,0,0},
                      {-2,0,0},
                      {-2,0,0},
                      {-2,0,0},
                      {-2,0,0},
                      {-2,0,0},
                      {-2,0,0},
                      {328195120,512,10},
                      {-2,0,0},
                      {-2,0,0},
                      {-2,0,0},
                      {548073565,1073741824,31},
                      {-2,0,0},
                      {-2,0,0},
                      {-2,0,0},
                      {-2,0,0},
                      {-2,0,0},
                      {-2,0,0},
                      {-2,0,0},
                      {-2,0,0},
                      {-2,0,0},
                      {-2,0,0},
                      {-2,0,0},
                      {570151232,33554432,26},
                      {-2,0,0},
                      {-2,0,0},
                      {-2,0,0},
                      {127203908,16,5},
                      {-2,0,0},
                      {-2,0,0},
                      {1045670727,256,9},
                      {-2,0,0},
                      {-2,0,0},
                      {-2,0,0},
                      {446763083,1048576,21},
                      {1021940556,65536,17},
                      {-2,0,0},
                      {782536270,134217728,28},
                      {-2,0,0},
                      {-2,0,0},
                      {-2,0,0},
                      {-2,0,0},
                      {-2,0,0},
                      {-2,0,0},
                      {-2,0,0},
                      {-2,0,0},
                      {-2,0,0},
                      {-2,0,0},
                      {-2,0,0},
                      {-2,0,0},
                      {-2,0,0},
                      {-2,0,0},
                      {723265629,32' ',6},
                      {-2,0,0},
                      {-2,0,0},
                      {-2,0,0},
                      {-2,0,0},
                      {-2,0,0},
                      {-2,0,0},
                      {-2,0,0},
                      {-2,0,0},
                      {-2,0,0},
                      {-2,0,0},
                      {-2,0,0},
                      {-2,0,0},
                      {-2,0,0},
                      {422304363,2,2},
                      {-2,0,0},
                      {-2,0,0},
                      {-2,0,0},
                      {-2,0,0},
                      {-2,0,0},
                      {-2,0,0},
                      {-2,0,0},
                      {-2,0,0},
                      {484710004,128,8},
                      {-2,0,0},
                      {102973302,268435456,29},
                      {-2,0,0},
                      {908404856,64'@',7},
                      {-2,0,0},
                      {-2,0,0},
                      {-2,0,0},
                      {-2,0,0},
                      {-2,0,0},
                      {-2,0,0},
                      {-2,0,0},
                      {-2,0,0},
                      {-2,0,0},
                      {358337410,4,3},
                      {-2,0,0},
                      {-2,0,0},
                      {-2,0,0},
                      {867499072,536870912,30},
                      {-2,0,0},
                      {-2,0,0},
                      {481556361,16777216,25},
                      {-2,0,0},
                      {-2,0,0},
                      {-2,0,0},
                      {-2,0,0},
                      {-2,0,0},
                      {-2,0,0},
                      {-2,0,0},
                      {-2,0,0},
                      {-2,0,0},
                      {-2,0,0},
                      {-2,0,0},
                      {-2,0,0},
                      {88646550,1,1},
                      {-2,0,0},
                      {-2,0,0},
                      {-2,0,0},
                      {-2,0,0},
                      {-2,0,0},
                      {727045788,2097152,22},
                      {-2,0,0},
                      {-2,0,0},
                      {-2,0,0},
                      {-2,0,0},
                      {-2,0,0},
                      {-2,0,0},
                      {-2,0,0},
                      {-2,0,0},
                      {671931301,4096,13},
                      {-2,0,0},
                      {-2,0,0},
                      {-2,0,0},
                      {-2,0,0},
                      {-2,0,0},
                      {-2,0,0},
                      {-2,0,0},
                      {-2,0,0},
                      {-2,0,0},
                      {-2,0,0},
                      {-2,0,0},
                      {-2,0,0},
                      {-2,0,0},
                      {-2,0,0},
                      {-2,0,0},
                      {-2,0,0},
                      {-2,0,0},
                      {-2,0,0},
                      {-2,0,0},
                      {-2,0,0},
                      {-2,0,0},
                      {-2,0,0},
                      {-2,0,0},
                      {-2,0,0},
                      {-2,0,0},
                      {-2,0,0},
                      {-2,0,0},
                      {-2,0,0},
                      {-2,0,0},
                      {-2,0,0},
                      {-2,0,0},
                      {-2,0,0},
                      {-2,0,0},
                      {-2,0,0},
                      {-2,0,0},
                      {-2,0,0},
                      {-2,0,0},
                      {152324555,8,4},
                      {-2,0,0},
                      {-2,0,0},
                      {-2,0,0},
                      {-2,0,0},
                      {53493456,1024,11},
                      {-2,0,0},
                      {-2,0,0},
                      {-2,0,0},
                      {-2,0,0},
                      {-2,0,0},
                      {-2,0,0},
                      {-2,0,0},
                      {-2,0,0},
                      {-2,0,0},
                      {-2,0,0},
                      {-2,0,0},
                      {-2,0,0},
                      {-2,0,0},
                      {-2,0,0},
                      {-2,0,0},
                      {-2,0,0},
                      {-2,0,0},
                      {631209442,8192,14},
                      {375031523,524288,20},
                      {-2,0,0},
                      {-2,0,0},
                      {-2,0,0},
                      {-2,0,0},
                      {-2,0,0},
                      {327240681,131072,18},
                      {-2,0,0},
                      {-2,0,0},
                      {-2,0,0},
                      {-2,0,0},
                      {-2,0,0},
                      {331497199,8388608,24},
                      {-2,0,0},
                      {-2,0,0},
                      {-2,0,0},
                      {-2,0,0},
                      {-2,0,0},
                      {139299061,67108864,27},
                      {-2,0,0},
                      {263519735,4194304,23},
                      {-2,0,0},
                      {-2,0,0},
                      {-2,0,0},
                      {-2,0,0},
                      {-2,0,0},
                      {900758269,2048,12},
                      {-2,0,0},
                      {-2,0,0}
                    },
                    100'd'
                  }
                }
    ram_free_list = 0
    free_rid = 6

 /usr/local/include/std/primes.e:
    list_of_primes = {2,3}

 /usr/local/include/std/graphcst.e:
    true_fgcolor = {0,4,2,6,1,5,3,7,8,12,10,14,9,13,11,15,16,20,18,22,17,
21,19,23,24,28,26,28,25,29,17,31}
    true_bgcolor = {0,4,2,6,1,5,3,7,8,12,10,14,9,13,11,15,16,20,18,22,17,
21,19,23,24,28,26,28,25,29,17,31}

 /home/irv/demos/GtkEnums.e:
    storage_types = {
                      {
                        20,
                        {103'g',66'B',79'O',79'O',76'L'}
                      },
                      {
                        24,
                        {103'g',73'I',78'N',84'T'}
                      },
                      {
                        56'8',
                        {103'g',70'F',76'L',84'T'}
                      },
                      {
                        60'<',
                        {103'g',68'D',66'B',76'L'}
                      },
                      {
                        64'@',
                        {103'g',83'S',84'T',82'R'}
                      },
                      {
                        43180160,
                        {103'g',80'P',73'I',88'X'}
                      },
                      {
                        41784016,
                        {103'g',67'C',79'O',77'M',66'B',79'O'}
                      }
                    }

 /usr/local/include/std/flags.e:
    one_bit_numbers = 1

 /usr/local/include/std/socket.e:
    sockinfo = {1,1,30,2,9,5,6,13,7,8,19,18,21,20,4,3,10,-9999,-9999,-9999,
-9999,-9999,-9999,-9999,-9999,-9999,-9999,-9999,-9999,-9999,-9999,-9999,
-9999,32' ',33'!',11,12,14,16,17,22,23,24,25,26,27,28,29,29,31,34'"',35'#',
35'#',36'$',37'%',37'%',38'&',39''',40'('}
    delete_socket_rid = 7

 /usr/local/include/std/net/http.e:
    proxy_ip = {}
    proxy_port = 0

 /home/irv/demos/GtkEngine.e:
    LIBS = {39086256}
    params = {0,0}
    success = 1
    o (from inlined routine 'uname' at 2892) = <no value>
    major_version = 3
    minor_version = 18
    micro_version = 9
    lib_version = {51'3',46'.',49'1',56'8',46'.',57'9'}
    user_name = {105'i',114'r',118'v'}
    real_name = {73'I',114'r',118'v',32' ',77'M',117'u',108'l',108'l',105'i',
110'n',115's'}
    init_dir = {47'/',104'h',111'o',109'm',101'e',47'/',105'i',114'r',118'v',
47'/',100'd',101'e',109'm',111'o',115's',47'/',101'e',120'x',97'a',109'm',
112'p',108'l',101'e',115's',47'/',65'A',114'r',99'c',104'h',105'i',118'v',
101'e',115's',47'/'}
    curr_dir = {47'/',104'h',111'o',109'm',101'e',47'/',105'i',114'r',118'v',
47'/',100'd',101'e',109'm',111'o',115's',47'/',101'e',120'x',97'a',109'm',
112'p',108'l',101'e',115's',47'/',65'A',114'r',99'c',104'h',105'i',118'v',
101'e',115's'}
    home_dir = {47'/',104'h',111'o',109'm',101'e',47'/',105'i',114'r',118'v'}
    prog_dir = {47'/',104'h',111'o',109'm',101'e',47'/',105'i',114'r',118'v',
47'/',100'd',101'e',109'm',111'o',115's',47'/',101'e',120'x',97'a',109'm',
112'p',108'l',101'e',115's',47'/',65'A',114'r',99'c',104'h',105'i',118'v',
101'e',115's'}
    temp_dir = {47'/',116't',109'm',112'p'}
    data_dir = {47'/',104'h',111'o',109'm',101'e',47'/',105'i',114'r',118'v',
47'/',46'.',108'l',111'o',99'c',97'a',108'l',47'/',115's',104'h',97'a',114'r',
101'e'}
    conf_dir = {47'/',104'h',111'o',109'm',101'e',47'/',105'i',114'r',118'v',
47'/',46'.',99'c',111'o',110'n',102'f',105'i',103'g'}
    runt_dir = {47'/',114'r',117'u',110'n',47'/',117'u',115's',101'e',114'r',
47'/',49'1',48'0',48'0',48'0'}
    app_name = {32' ',71'G',97'a',108'l',108'l',101'e',114'r',121'y',77'M',
97'a',107'k',101'e',114'r',46'.',101'e',120'x'}
    prg_name = {32' ',71'G',97'a',108'l',108'l',101'e',114'r',121'y',77'M',
97'a',107'k',101'e',114'r',46'.',101'e',120'x'}
    def_lang = 83199320
    usr_lang = {101'e',110'n',45'-',117'u',115's'}
    os_pid = 3275
    os_name = {76'L',105'i',110'n',117'u',120'x'}
    os_distro = {105'i',114'r',118'v',45'-',100'd',101'e',115's',107'k',116't',
111'o',112'p'}
    os_version = {52'4',46'.',52'4',46'.',48'0',45'-',51'3',49'1',45'-',103'g',
101'e',110'n',101'e',114'r',105'i',99'c'}
    os_compiled = {35'#',53'5',48'0',45'-',85'U',98'b',117'u',110'n',116't',
117'u',32' ',83'S',77'M',80'P',32' ',87'W',101'e',100'd',32' ',74'J',117'u',
108'l',32' ',49'1',51'3',32' ',48'0',48'0',58':',48'0',55'7',58':',49'1',
50'2',32' ',85'U',84'T',67'C',32' ',50'2',48'0',49'1',54'6'}
    os_arch = {120'x',56'8',54'6',95'_',54'6',52'4'}
    os_path = {47'/',104'h',111'o',109'm',101'e',47'/',105'i',114'r',118'v',
47'/',98'b',105'i',110'n',58':',47'/',104'h',111'o',109'm',101'e',47'/',
105'i',114'r',118'v',47'/',46'.',108'l',111'o',99'c',97'a',108'l',47'/',
98'b',105'i',110'n',58':',47'/',117'u',115's',114'r',47'/',108'l',111'o',
99'c',97'a',108'l',47'/',115's',98'b',105'i',110'n',58':',47'/',117'u',115's',
114'r',47'/',108'l',111'o',99'c',97'a',108'l',47'/',98'b',105'i',110'n',
58':',47'/',117'u',115's',114'r',47'/',115's',98'b',105'i',110'n',58':',
47'/',117'u',115's',114'r',47'/',98'b',105'i',110'n',58':',47'/',115's',
98'b',105'i',110'n',58':',47'/',98'b',105'i',110'n',58':',47'/',117'u',115's',
114'r',47'/',103'g',97'a',109'm',101'e',115's',58':',47'/',117'u',115's',
114'r',47'/',108'l',111'o',99'c',97'a',108'l',47'/',103'g',97'a',109'm',
101'e',115's'}
    os_shell = {47'/',98'b',105'i',110'n',47'/',98'b',97'a',115's',104'h'}
    os_term = {110'n',111'o',110'n',101'e'}
    eu_version = {52'4',46'.',49'1',46'.',48'0'}
    eu_inc = {85'U',110'n',115's',101'e',116't'}
    eu_dir = {85'U',110'n',115's',101'e',116't'}
    eu_platform = {76'L',105'i',110'n',117'u',120'x'}
    host_name = {105'i',114'r',118'v',45'-',100'd',101'e',115's',107'k',116't',
111'o',112'p'}
    host_addr = {49'1',50'2',55'7',46'.',48'0',46'.',48'0',46'.',49'1'}
    inet_addr = {110'n',111'o',110'n',101'e'}
    locale = {101'e',110'n',95'_',85'U',83'S',46'.',85'U',84'T',70'F',45'-',
56'8'}
    codeset = {85'U',84'T',70'F',45'-',56'8'}
    desktop_dir = {47'/',104'h',111'o',109'm',101'e',47'/',105'i',114'r',
118'v',47'/',68'D',101'e',115's',107'k',116't',111'o',112'p'}
    documents_dir = {47'/',104'h',111'o',109'm',101'e',47'/',105'i',114'r',
118'v',47'/',68'D',111'o',99'c',117'u',109'm',101'e',110'n',116't',115's'}
    download_dir = {47'/',104'h',111'o',109'm',101'e',47'/',105'i',114'r',
118'v',47'/',68'D',111'o',119'w',110'n',108'l',111'o',97'a',100'd',115's'}
    music_dir = {47'/',104'h',111'o',109'm',101'e',47'/',105'i',114'r',118'v',
47'/',77'M',117'u',115's',105'i',99'c'}
    pictures_dir = {47'/',104'h',111'o',109'm',101'e',47'/',105'i',114'r',
118'v',47'/',80'P',105'i',99'c',116't',117'u',114'r',101'e',115's'}
    public_share_dir = {47'/',104'h',111'o',109'm',101'e',47'/',105'i',114'r',
118'v',47'/',80'P',117'u',98'b',108'l',105'i',99'c'}
    templates_dir = {47'/',104'h',111'o',109'm',101'e',47'/',105'i',114'r',
118'v'}
    videos_dir = {47'/',104'h',111'o',109'm',101'e',47'/',105'i',114'r',118'v',
47'/',86'V',105'i',100'd',101'e',111'o',115's'}
    info = {
             {118'v',101'e',114'r',115's',105'i',111'o',110'n',61'=',52'4',
46'.',49'1',53'5',46'.',48'0'},
             {114'r',101'e',108'l',101'e',97'a',115's',101'e',61'=',65'A',
112'p',114'r',32' ',49'1',44',',32' ',50'2',48'0',49'1',57'9'},
             {99'c',111'o',112'p',121'y',114'r',105'i',103'g',104'h',116't',
61'=',32' ',194,169,32' ',50'2',48'0',48'0',53'5',45'-',50'2',48'0',49'1',
57'9',32' ',98'b',121'y',32' ',73'I',114'r',118'v',32' ',77'M',117'u',108'l',
108'l',105'i',110'n',115's'},
             {109'm',97'a',106'j',111'o',114'r',61'=',51'3'},
             {109'm',105'i',110'n',111'o',114'r',61'=',49'1',56'8'},
             {109'm',105'i',99'c',114'r',111'o',61'=',57'9'},
             {117'u',115's',101'e',114'r',95'_',110'n',97'a',109'm',101'e',
61'=',105'i',114'r',118'v'},
             {114'r',101'e',97'a',108'l',95'_',110'n',97'a',109'm',101'e',
61'=',73'I',114'r',118'v',32' ',77'M',117'u',108'l',108'l',105'i',110'n',
115's'},
             {104'h',111'o',115's',116't',95'_',110'n',97'a',109'm',101'e',
61'=',105'i',114'r',118'v',45'-',100'd',101'e',115's',107'k',116't',111'o',
112'p'},
             {104'h',111'o',115's',116't',95'_',97'a',100'd',100'd',114'r',
61'=',49'1',50'2',55'7',46'.',48'0',46'.',48'0',46'.',49'1'},
             {105'i',110'n',101'e',116't',95'_',97'a',100'd',100'd',114'r',
61'=',110'n',111'o',110'n',101'e'},
             {104'h',111'o',109'm',101'e',95'_',100'd',105'i',114'r',61'=',
47'/',104'h',111'o',109'm',101'e',47'/',105'i',114'r',118'v'},
             {112'p',114'r',111'o',103'g',95'_',100'd',105'i',114'r',61'=',
47'/',104'h',111'o',109'm',101'e',47'/',105'i',114'r',118'v',47'/',100'd',
101'e',109'm',111'o',115's',47'/',101'e',120'x',97'a',109'm',112'p',108'l',
101'e',115's',47'/',65'A',114'r',99'c',104'h',105'i',118'v',101'e',115's'},
             {116't',101'e',109'm',112'p',95'_',100'd',105'i',114'r',61'=',
47'/',116't',109'm',112'p'},
             {105'i',110'n',105'i',116't',95'_',100'd',105'i',114'r',61'=',
47'/',104'h',111'o',109'm',101'e',47'/',105'i',114'r',118'v',47'/',100'd',
101'e',109'm',111'o',115's',47'/',101'e',120'x',97'a',109'm',112'p',108'l',
101'e',115's',47'/',65'A',114'r',99'c',104'h',105'i',118'v',101'e',115's',
47'/'},
             {99'c',117'u',114'r',114'r',95'_',100'd',105'i',114'r',61'=',
47'/',104'h',111'o',109'm',101'e',47'/',105'i',114'r',118'v',47'/',100'd',
101'e',109'm',111'o',115's',47'/',101'e',120'x',97'a',109'm',112'p',108'l',
101'e',115's',47'/',65'A',114'r',99'c',104'h',105'i',118'v',101'e',115's'},
             {100'd',97'a',116't',97'a',95'_',100'd',105'i',114'r',61'=',
47'/',104'h',111'o',109'm',101'e',47'/',105'i',114'r',118'v',47'/',46'.',
108'l',111'o',99'c',97'a',108'l',47'/',115's',104'h',97'a',114'r',101'e'},
             {99'c',111'o',110'n',102'f',95'_',100'd',105'i',114'r',61'=',
47'/',104'h',111'o',109'm',101'e',47'/',105'i',114'r',118'v',47'/',46'.',
99'c',111'o',110'n',102'f',105'i',103'g'},
             {114'r',117'u',110'n',116't',95'_',100'd',105'i',114'r',61'=',
47'/',114'r',117'u',110'n',47'/',117'u',115's',101'e',114'r',47'/',49'1',
48'0',48'0',48'0'},
             {97'a',112'p',112'p',95'_',110'n',97'a',109'm',101'e',61'=',
32' ',71'G',97'a',108'l',108'l',101'e',114'r',121'y',77'M',97'a',107'k',
101'e',114'r',46'.',101'e',120'x'},
             {112'p',114'r',103'g',95'_',110'n',97'a',109'm',101'e',61'=',
32' ',71'G',97'a',108'l',108'l',101'e',114'r',121'y',77'M',97'a',107'k',
101'e',114'r',46'.',101'e',120'x'},
             {111'o',115's',95'_',112'p',105'i',100'd',61'=',51'3',50'2',
55'7',53'5'},
             {111'o',115's',95'_',110'n',97'a',109'm',101'e',61'=',76'L',
105'i',110'n',117'u',120'x'},
             {111'o',115's',95'_',100'd',105'i',115's',116't',114'r',111'o',
61'=',105'i',114'r',118'v',45'-',100'd',101'e',115's',107'k',116't',111'o',
112'p'},
             {111'o',115's',95'_',118'v',101'e',114'r',115's',61'=',52'4',
46'.',52'4',46'.',48'0',45'-',51'3',49'1',45'-',103'g',101'e',110'n',101'e',
114'r',105'i',99'c'},
             {111'o',115's',95'_',99'c',111'o',109'm',112'p',61'=',35'#',
53'5',48'0',45'-',85'U',98'b',117'u',110'n',116't',117'u',32' ',83'S',77'M',
80'P',32' ',87'W',101'e',100'd',32' ',74'J',117'u',108'l',32' ',49'1',51'3',
32' ',48'0',48'0',58':',48'0',55'7',58':',49'1',50'2',32' ',85'U',84'T',
67'C',32' ',50'2',48'0',49'1',54'6'},
             {111'o',115's',95'_',97'a',114'r',99'c',104'h',61'=',120'x',
56'8',54'6',95'_',54'6',52'4'},
             {111'o',115's',95'_',116't',101'e',114'r',109'm',61'=',110'n',
111'o',110'n',101'e'},
             {111'o',115's',95'_',115's',104'h',101'e',108'l',108'l',61'=',
47'/',98'b',105'i',110'n',47'/',98'b',97'a',115's',104'h'},
             {111'o',115's',95'_',112'p',97'a',116't',104'h',61'=',47'/',
104'h',111'o',109'm',101'e',47'/',105'i',114'r',118'v',47'/',98'b',105'i',
110'n',58':',47'/',104'h',111'o',109'm',101'e',47'/',105'i',114'r',118'v',
47'/',46'.',108'l',111'o',99'c',97'a',108'l',47'/',98'b',105'i',110'n',58':',
47'/',117'u',115's',114'r',47'/',108'l',111'o',99'c',97'a',108'l',47'/',
115's',98'b',105'i',110'n',58':',47'/',117'u',115's',114'r',47'/',108'l',
111'o',99'c',97'a',108'l',47'/',98'b',105'i',110'n',58':',47'/',117'u',115's',
114'r',47'/',115's',98'b',105'i',110'n',58':',47'/',117'u',115's',114'r',
47'/',98'b',105'i',110'n',58':',47'/',115's',98'b',105'i',110'n',58':',47'/',
98'b',105'i',110'n',58':',47'/',117'u',115's',114'r',47'/',103'g',97'a',
109'm',101'e',115's',58':',47'/',117'u',115's',114'r',47'/',108'l',111'o',
99'c',97'a',108'l',47'/',103'g',97'a',109'm',101'e',115's'},
             {108'l',105'i',98'b',95'_',118'v',101'e',114'r',115's',105'i',
111'o',110'n',61'=',51'3',46'.',49'1',56'8',46'.',57'9'},
             {101'e',117'u',95'_',100'd',97'a',116't',101'e',61'=',50'2',
48'0',49'1',53'5',45'-',48'0',50'2',45'-',48'0',50'2',32' ',49'1',52'4',
58':',49'1',56'8',58':',53'5',51'3'},
             {101'e',117'u',95'_',118'v',101'e',114'r',115's',105'i',111'o',
110'n',61'=',52'4',46'.',49'1',46'.',48'0'},
             {101'e',117'u',95'_',114'r',101'e',118'v',105'i',115's',105'i',
111'o',110'n',61'=',53'5',56'8',54'6',49'1'},
             {101'e',117'u',95'_',112'p',108'l',97'a',116't',102'f',111'o',
114'r',109'm',61'=',76'L',105'i',110'n',117'u',120'x'},
             {101'e',117'u',95'_',97'a',114'r',99'c',104'h',95'_',98'b',
105'i',116't',115's',61'=',54'6',52'4'},
             {101'e',117'u',95'_',105'i',110'n',99'c',61'=',85'U',110'n',
115's',101'e',116't'},
             {101'e',117'u',95'_',100'd',105'i',114'r',61'=',85'U',110'n',
115's',101'e',116't'},
             {117'u',115's',114'r',95'_',108'l',97'a',110'n',103'g',61'=',
101'e',110'n',45'-',117'u',115's'},
             {99'c',111'o',100'd',101'e',115's',101'e',116't',61'=',85'U',
84'T',70'F',45'-',56'8'},
             {108'l',111'o',99'c',97'a',108'l',101'e',61'=',101'e',110'n',
95'_',85'U',83'S',46'.',85'U',84'T',70'F',45'-',56'8'},
             {100'd',101'e',115's',107'k',116't',111'o',112'p',61'=',47'/',
104'h',111'o',109'm',101'e',47'/',105'i',114'r',118'v',47'/',68'D',101'e',
115's',107'k',116't',111'o',112'p'},
             {100'd',111'o',99'c',117'u',109'm',101'e',110'n',116't',115's',
61'=',47'/',104'h',111'o',109'm',101'e',47'/',105'i',114'r',118'v',47'/',
68'D',111'o',99'c',117'u',109'm',101'e',110'n',116't',115's'},
             {100'd',111'o',119'w',110'n',108'l',111'o',97'a',100'd',61'=',
47'/',104'h',111'o',109'm',101'e',47'/',105'i',114'r',118'v',47'/',68'D',
111'o',119'w',110'n',108'l',111'o',97'a',100'd',115's'},
             {109'm',117'u',115's',105'i',99'c',61'=',47'/',104'h',111'o',
109'm',101'e',47'/',105'i',114'r',118'v',47'/',77'M',117'u',115's',105'i',
99'c'},
             {112'p',105'i',99'c',116't',117'u',114'r',101'e',115's',61'=',
47'/',104'h',111'o',109'm',101'e',47'/',105'i',114'r',118'v',47'/',80'P',
105'i',99'c',116't',117'u',114'r',101'e',115's'},
             {112'p',117'u',98'b',108'l',105'i',99'c',95'_',115's',104'h',
97'a',114'r',101'e',61'=',47'/',104'h',111'o',109'm',101'e',47'/',105'i',
114'r',118'v',47'/',80'P',117'u',98'b',108'l',105'i',99'c'},
             {116't',101'e',109'm',112'p',108'l',97'a',116't',101'e',115's',
61'=',47'/',104'h',111'o',109'm',101'e',47'/',105'i',114'r',118'v'},
             {118'v',105'i',100'd',101'e',111'o',115's',61'=',47'/',104'h',
111'o',109'm',101'e',47'/',105'i',114'r',118'v',47'/',86'V',105'i',100'd',
101'e',111'o',115's'},
             {67'C',77'M',68'D',49'1',61'=',47'/',117'u',115's',114'r',47'/',
108'l',111'o',99'c',97'a',108'l',47'/',98'b',105'i',110'n',47'/',101'e',
117'u',105'i'},
             {67'C',77'M',68'D',50'2',61'=',47'/',104'h',111'o',109'm',101'e',
47'/',105'i',114'r',118'v',47'/',100'd',101'e',109'm',111'o',115's',47'/',
101'e',120'x',97'a',109'm',112'p',108'l',101'e',115's',47'/',65'A',114'r',
99'c',104'h',105'i',118'v',101'e',115's',47'/',71'G',97'a',108'l',108'l',
101'e',114'r',121'y',77'M',97'a',107'k',101'e',114'r',46'.',101'e',120'x'},
             {67'C',77'M',68'D',51'3',61'='},
             {67'C',77'M',68'D',52'4',61'='},
             {67'C',77'M',68'D',53'5',61'='}
           }
    traceme = 1
    ERRHANDLER = 0
    registry = {
                 {
                   37796032,
                   86'V',
                   {71'G',116't',107'k',66'B',117'u',105'i',108'l',100'd',
101'e',114'r'},
                   {45'-',110'n',105'i',108'l',45'-'},
                   -inf
                 },
                 {
                   80509776,
                   224,
                   {71'G',116't',107'k',83'S',101'e',116't',116't',105'i',
110'n',103'g',115's'},
                   {45'-',110'n',105'i',108'l',45'-'},
                   -inf
                 },
                 {
                   45892160,
                   284,
                   {71'G',116't',107'k',87'W',105'i',110'n',100'd',111'o',
119'w'},
                   {45'-',110'n',105'i',108'l',45'-'},
                   -inf
                 },
                 {
                   49279376,
                   84'T',
                   {71'G',116't',107'k',66'B',111'o',120'x'},
                   {45'-',110'n',105'i',108'l',45'-'},
                   -inf
                 },
                 {
                   36659984,
                   169,
                   {71'G',116't',107'k',76'L',97'a',98'b',101'e',108'l'},
                   {45'-',110'n',105'i',108'l',45'-'},
                   -inf
                 },
                 {
                   41464256,
                   88'X',
                   {71'G',116't',107'k',66'B',117'u',116't',116't',111'o',
110'n',66'B',111'o',120'x'},
                   {45'-',110'n',105'i',108'l',45'-'},
                   -inf
                 },
                 {
                   41693712,
                   87'W',
                   {71'G',116't',107'k',66'B',117'u',116't',116't',111'o',
110'n'},
                   {45'-',110'n',105'i',108'l',45'-'},
                   -inf
                 },
                 {
                   41694128,
                   87'W',
                   {71'G',116't',107'k',66'B',117'u',116't',116't',111'o',
110'n'},
                   {45'-',110'n',105'i',108'l',45'-'},
                   -inf
                 },
                 {
                   41694544,
                   87'W',
                   {71'G',116't',107'k',66'B',117'u',116't',116't',111'o',
110'n'},
                   {45'-',110'n',105'i',108'l',45'-'},
                   -inf
                 },
                 {
                   41523840,
                   165,
                   {71'G',116't',107'k',73'I',109'm',97'a',103'g',101'e'},
                   {45'-',110'n',105'i',108'l',45'-'},
                   -inf
                 },
                 {
                   43191872,
                   49'1',
                   {71'G',100'd',107'k',80'P',105'i',120'x',98'b',117'u',
102'f'},
                   {45'-',110'n',105'i',108'l',45'-'},
                   -inf
                 },
                 {
                   140365369709568,
                   49'1',
                   {71'G',100'd',107'k',80'P',105'i',120'x',98'b',117'u',
102'f'},
                   {45'-',110'n',105'i',108'l',45'-'},
                   -inf
                 }
               }
    initialized = {1,0,0,0,0,0,0,0,0,0,0,0,0,0,0,0,0,0,0,0,0,0,0,0,0,0,0,
0,0,0,0,0,0,0,0,0,0,0,0,0,0,0,0,0,0,0,0,0,1,0,0,0,0,0,0,0,0,0,0,0,0,0,0,
0,0,0,0,0,0,0,0,0,0,0,0,0,0,0,0,1,0,0,0,1,1,1,1,1,0,0,0,0,0,0,0,0,0,0,0,
0,0,0,0,0,0,0,0,0,0,0,0,0,0,0,0,0,0,0,0,1,0,0,1,0,0,0,0,0,0,0,0,0,0,0,1,
0,1,0,0,1,0,0,0,0,0,0,0,0,0,0,0,0,0,0,0,0,0,0,0,0,0,0,0,0,1,0,0,0,1,0,0,
0,0,0,0,0,0,0,0,0,0,0,0,0,0,0,0,0,0,0,1,0,0,0,0,0,0,0,0,0,0,0,0,0,0,0,0,
0,0,0,0,0,0,0,0,0,0,0,0,0,0,0,0,1,0,0,0,0,0,0,0,0,0,0,0,0,0,0,0,0,0,0,0,
0,0,0,0,0,0,0,0,0,0,0,0,0,0,0,0,0,0,0,0,0,0,0,0,0,0,0,0,0,0,0,0,0,0,0,0,
0,1,0,0,1,0,0,0,0,0,0,0,0,0,0,0,0,0,0,0,0,0,0,0,0,0,0,0,0,0,0,0,0,0,0,0,
0,0,0,0,0,0,0,0,0,0,0,0,0,0,0,0,0,0,0,0,0,0,0,0,0,0,0,0,0,0,0,0,0,0,0,0,
0,0,0,0,0,0,0,0,0,0,0,0,0,0,0,0,0,0,0,0,0,0,0,0,0,0,0,0,0,0,0,0,0,0,0,0,
0,0,0,0,0,0,0,0,0,0,0,0,0,0,0,0,0,0,0,0,0,0,0,0,0,0,0,0,0,0,0,0,0,0,0,0,
0,0,0,0,0,0,0,0,0,0,0,0,0,0,0,0,0,0,0,0,0,0,0,0,0,0,0,0,0,0,0,0,0,0,0,0,
0,0,0,0,0,0,0,0,0,0,0,0,0,0,0,0,0,0,0,0,0,0,0,0,0,0,0,0,0,0,0,0,0,0,0,0,
0,0,0,0,0,0,0,0,0,0,0,0,0,0,0,0,0}
    widget = {
               {
                 {103'g',95'_',111'o',98'b',106'j',101'e',99'c',116't'},
                 {0},
                 {
                   {110'n',101'e',119'w'},
                   {16777220,117440516,117440516,16777220},
                   50331649,
                   760,
                   0
                 },
                 {
                   {115's',101'e',116't'},
                   {50331649,117440516,50331649,50331649},
                   0,
                   761,
                   0
                 },
                 {
                   {115's',101'e',116't',95'_',112'p',114'r',111'o',112'p',
101'e',114'r',116't',121'y'},
                   {50331649,117440516,50331649},
                   -9,
                   -9,
                   0
                 },
                 {
                   {103'g',101'e',116't',95'_',112'p',114'r',111'o',112'p',
101'e',114'r',116't',121'y'},
                   {50331649,117440516},
                   -10,
                   -10,
                   0
                 },
                 {
                   {103'g',101'e',116't',95'_',100'd',97'a',116't',97'a'},
                   {50331649,50331649},
                   117440516,
                   762,
                   0
                 },
                 {
                   {115's',101'e',116't',95'_',100'd',97'a',116't',97'a'},
                   {50331649,117440516,117440516},
                   0,
                   763,
                   0
                 },
                 {
                   {115's',101'e',116't',95'_',100'd',97'a',116't',97'a',
95'_',102'f',117'u',108'l',108'l'},
                   {50331649,117440516,117440516,50331649},
                   0,
                   764,
                   0
                 },
                 {
                   {115's',116't',101'e',97'a',108'l',95'_',100'd',97'a',
116't',97'a'},
                   {50331649,117440516},
                   50331649,
                   765,
                   0
                 },
                 {
                   {115's',105'i',103'g',110'n',97'a',108'l'},
                   {50331649,50331649,50331649,50331649,50331649,50331649},
                   -11,
                   -11,
                   0
                 },
                 {
                   {99'c',111'o',110'n',110'n',101'e',99'c',116't'},
                   {50331649,50331649,50331649,50331649,50331649,50331649},
                   -11,
                   -11,
                   0
                 },
                 {71'G',79'O',98'b',106'j',101'e',99'c',116't'}
               },
               0,
               0,
               0,
               {
                 {103'g',95'_',97'a',112'p',112'p',95'_',105'i',110'n',102'f',
111'o'},
                 {0},
                 {
                   {103'g',101'e',116't',95'_',110'n',97'a',109'm',101'e'},
                   {50331649},
                   117440516
                 },
                 {
                   {103'g',101'e',116't',95'_',100'd',105'i',115's',112'p',
108'l',97'a',121'y',95'_',110'n',97'a',109'm',101'e'},
                   {50331649},
                   117440516
                 },
                 {
                   {103'g',101'e',116't',95'_',100'd',101'e',115's',99'c',
114'r',105'i',112'p',116't',105'i',111'o',110'n'},
                   {50331649},
                   117440516
                 },
                 {
                   {103'g',101'e',116't',95'_',101'e',120'x',101'e',99'c',
117'u',116't',97'a',98'b',108'l',101'e'},
                   {50331649},
                   117440516
                 },
                 {
                   {103'g',101'e',116't',95'_',99'c',111'o',109'm',109'm',
97'a',110'n',100'd',108'l',105'i',110'n',101'e'},
                   {50331649},
                   117440516
                 },
                 {
                   {103'g',101'e',116't',95'_',105'i',99'c',111'o',110'n'},
                   {50331649},
                   50331649,
                   0,
                   15
                 },
                 {
                   {108'l',97'a',117'u',110'n',99'c',104'h'},
                   {50331649,50331649,50331649,50331649},
                   16777217
                 },
                 {
                   {115's',117'u',112'p',112'p',111'o',114'r',116't',115's',
95'_',102'f',105'i',108'l',101'e',115's'},
                   {50331649},
                   16777217
                 },
                 {
                   {115's',117'u',112'p',112'p',111'o',114'r',116't',115's',
95'_',117'u',114'r',105'i',115's'},
                   {50331649},
                   16777217
                 },
                 {
                   {108'l',97'a',117'u',110'n',99'c',104'h',95'_',117'u',
114'r',105'i',115's'},
                   {50331649,50331649,50331649,50331649},
                   16777217
                 },
                 {
                   {115's',104'h',111'o',117'u',108'l',100'd',95'_',115's',
104'h',111'o',119'w'},
                   {50331649},
                   16777217
                 },
                 {
                   {99'c',97'a',110'n',95'_',100'd',101'e',108'l',101'e',
116't',101'e'},
                   {50331649},
                   16777217
                 },
                 {
                   {100'd',101'e',108'l',101'e',116't',101'e'},
                   {50331649},
                   16777217
                 },
                 {
                   {115's',101'e',116't',95'_',97'a',115's',95'_',100'd',
101'e',102'f',97'a',117'u',108'l',116't',95'_',102'f',111'o',114'r',95'_',
116't',121'y',112'p',101'e'},
                   {50331649,117440516,50331649},
                   16777217
                 },
                 {
                   {115's',101'e',116't',95'_',97'a',115's',95'_',100'd',
101'e',102'f',97'a',117'u',108'l',116't',95'_',102'f',111'o',114'r',95'_',
101'e',120'x',116't',101'e',110'n',115's',105'i',111'o',110'n'},
                   {50331649,117440516,50331649},
                   16777217
                 },
                 {
                   {97'a',100'd',100'd',95'_',115's',117'u',112'p',112'p',
111'o',114'r',116't',115's',95'_',116't',121'y',112'p',101'e'},
                   {50331649,117440516,50331649},
                   16777217
                 },
                 {
                   {99'c',97'a',110'n',95'_',114'r',101'e',109'm',111'o',
118'v',101'e',95'_',115's',117'u',112'p',112'p',111'o',114'r',116't',115's',
95'_',116't',121'y',112'p',101'e'},
                   {50331649},
                   16777217
                 },
                 {
                   {114'r',101'e',109'm',111'o',118'v',101'e',95'_',115's',
117'u',112'p',112'p',111'o',114'r',116't',115's',95'_',116't',121'y',112'p',
101'e'},
                   {50331649,117440516,50331649},
                   16777217
                 },
                 {
                   {103'g',101'e',116't',95'_',97'a',108'l',108'l'},
                   {},
                   50331649,
                   0,
                   19
                 },
                 {71'G',65'A',112'p',112'p',73'I',110'n',102'f',111'o'}
               },
               {
                 {103'g',95'_',97'a',112'p',112'p',108'l',105'i',99'c',97'a',
116't',105'i',111'o',110'n'},
                 {0},
                 {
                   {110'n',101'e',119'w'},
                   {117440516,16777220},
                   50331649
                 },
                 {
                   {103'g',101'e',116't',95'_',97'a',112'p',112'p',108'l',
105'i',99'c',97'a',116't',105'i',111'o',110'n',95'_',105'i',100'd'},
                   {50331649},
                   117440516
                 },
                 {
                   {115's',101'e',116't',95'_',97'a',112'p',112'p',108'l',
105'i',99'c',97'a',116't',105'i',111'o',110'n',95'_',105'i',100'd'},
                   {50331649,117440516}
                 },
                 {
                   {105'i',100'd',95'_',105'i',115's',95'_',118'v',97'a',
108'l',105'i',100'd'},
                   {50331649,117440516},
                   16777217
                 },
                 {
                   {103'g',101'e',116't',95'_',105'i',110'n',97'a',99'c',
116't',105'i',118'v',105'i',116't',121'y',95'_',116't',105'i',109'm',101'e',
111'o',117'u',116't'},
                   {50331649},
                   16777220
                 },
                 {
                   {115's',101'e',116't',95'_',105'i',110'n',97'a',99'c',
116't',105'i',118'v',105'i',116't',121'y',95'_',116't',105'i',109'm',101'e',
111'o',117'u',116't'},
                   {50331649,16777220}
                 },
                 {
                   {103'g',101'e',116't',95'_',102'f',108'l',97'a',103'g',
115's'},
                   {50331649},
                   16777220
                 },
                 {
                   {115's',101'e',116't',95'_',102'f',108'l',97'a',103'g',
115's'},
                   {50331649,16777220}
                 },
                 {
                   {103'g',101'e',116't',95'_',114'r',101'e',115's',111'o',
117'u',114'r',99'c',101'e',95'_',98'b',97'a',115's',101'e',95'_',112'p',
97'a',116't',104'h'},
                   {50331649},
                   117440516
                 },
                 {
                   {115's',101'e',116't',95'_',114'r',101'e',115's',111'o',
117'u',114'r',99'c',101'e',95'_',98'b',97'a',115's',101'e',95'_',112'p',
97'a',116't',104'h'},
                   {50331649,117440516}
                 },
                 {
                   {103'g',101'e',116't',95'_',100'd',98'b',117'u',115's',
95'_',99'c',111'o',110'n',110'n',101'e',99'c',116't',105'i',111'o',110'n'},
                   {50331649},
                   50331649
                 },
                 {
                   {103'g',101'e',116't',95'_',100'd',98'b',117'u',115's',
95'_',111'o',98'b',106'j',101'e',99'c',116't',95'_',112'p',97'a',116't',
104'h'},
                   {50331649},
                   117440516
                 },
                 {
                   {103'g',101'e',116't',95'_',105'i',115's',95'_',114'r',
101'e',103'g',105'i',115's',116't',101'e',114'r',101'e',100'd'},
                   {50331649},
                   16777217
                 },
                 {
                   {103'g',101'e',116't',95'_',105'i',115's',95'_',114'r',
101'e',109'm',111'o',116't',101'e'},
                   {50331649},
                   16777217
                 },
                 {
                   {114'r',101'e',103'g',105'i',115's',116't',101'e',114'r'},
                   {50331649,50331649,50331649},
                   16777217
                 },
                 {
                   {104'h',111'o',108'l',100'd'},
                   {50331649}
                 },
                 {
                   {114'r',101'e',108'l',101'e',97'a',115's',101'e'},
                   {50331649}
                 },
                 {
                   {113'q',117'u',105'i',116't'},
                   {50331649}
                 },
                 {
                   {97'a',99'c',116't',105'i',118'v',97'a',116't',101'e'},
                   {50331649}
                 },
                 {
                   {111'o',112'p',101'e',110'n'},
                   {50331649,50331649,16777220,16777220}
                 },
                 {
                   {115's',101'e',110'n',100'd',95'_',110'n',111'o',116't',
105'i',102'f',105'i',99'c',97'a',116't',105'i',111'o',110'n'},
                   {50331649,117440516,50331649}
                 },
                 {
                   {119'w',105'i',116't',104'h',100'd',114'r',97'a',119'w',
95'_',110'n',111'o',116't',105'i',102'f',105'i',99'c',97'a',116't',105'i',
111'o',110'n'},
                   {50331649,117440516}
                 },
                 {
                   {114'r',117'u',110'n'},
                   {50331649,16777220,50331649},
                   16777220
                 },
                 {
                   {97'a',100'd',100'd',95'_',109'm',97'a',105'i',110'n',
95'_',111'o',112'p',116't',105'i',111'o',110'n',95'_',101'e',110'n',116't',
114'r',105'i',101'e',115's'},
                   {50331649,50331649}
                 },
                 {
                   {97'a',100'd',100'd',95'_',111'o',112'p',116't',105'i',
111'o',110'n',95'_',103'g',114'r',111'o',117'u',112'p'},
                   {50331649,50331649}
                 },
                 {
                   {97'a',100'd',100'd',95'_',109'm',97'a',105'i',110'n',
95'_',111'o',112'p',116't',105'i',111'o',110'n'},
                   {50331649,117440516,117440516,16777220,16777220,117440516,
117440516}
                 },
                 {
                   {115's',101'e',116't',95'_',100'd',101'e',102'f',97'a',
117'u',108'l',116't'},
                   {50331649}
                 },
                 {
                   {109'm',97'a',114'r',107'k',95'_',98'b',117'u',115's',
121'y'},
                   {50331649}
                 },
                 {
                   {117'u',110'n',109'm',97'a',114'r',107'k',95'_',98'b',
117'u',115's',121'y'},
                   {50331649}
                 },
                 {
                   {103'g',101'e',116't',95'_',105'i',115's',95'_',98'b',
117'u',115's',121'y'},
                   {50331649},
                   16777217
                 },
                 {
                   {98'b',105'i',110'n',100'd',95'_',98'b',117'u',115's',
121'y',95'_',112'p',114'r',111'o',112'p',101'e',114'r',116't',121'y'},
                   {50331649,50331649,117440516}
                 },
                 {
                   {117'u',110'n',98'b',105'i',110'n',100'd',95'_',98'b',
117'u',115's',121'y',95'_',112'p',114'r',111'o',112'p',101'e',114'r',116't',
121'y'},
                   {50331649,50331649,117440516}
                 },
                 {71'G',65'A',112'p',112'p',108'l',105'i',99'c',97'a',116't',
105'i',111'o',110'n'}
               },
               {
                 {103'g',95'_',99'c',97'a',110'n',99'c',101'e',108'l',108'l',
97'a',98'b',108'l',101'e'},
                 {0},
                 {
                   {110'n',101'e',119'w'},
                   {},
                   50331649
                 },
                 {71'G',67'C',97'a',110'n',99'c',101'e',108'l',108'l',97'a',
98'b',108'l',101'e'}
               },
               0,
               {
                 {103'g',95'_',101'e',109'm',98'b',108'l',101'e',109'm'},
                 {1},
                 {
                   {110'n',101'e',119'w'},
                   {50331649},
                   50331649
                 },
                 {
                   {103'g',101'e',116't',95'_',105'i',99'c',111'o',110'n'},
                   {50331649},
                   50331649,
                   0,
                   15
                 },
                 {71'G',69'E',109'm',98'b',108'l',101'e',109'm'}
               },
               {
                 {103'g',95'_',101'e',109'm',98'b',108'l',101'e',109'm',
101'e',100'd',95'_',105'i',99'c',111'o',110'n'},
                 {15,1},
                 {
                   {110'n',101'e',119'w'},
                   {50331649,50331649},
                   50331649
                 },
                 {71'G',69'E',109'm',98'b',108'l',101'e',109'm',101'e',100'd',
73'I',99'c',111'o',110'n'}
               },
               {
                 {103'g',95'_',102'f',105'i',108'l',101'e'},
                 {1},
                 {
                   {110'n',101'e',119'w'},
                   {50331649},
                   -49
                 },
                 {
                   {103'g',101'e',116't',95'_',112'p',97'a',114'r',115's',
101'e',95'_',110'n',97'a',109'm',101'e'},
                   {50331649},
                   117440516
                 },
                 {
                   {112'p',97'a',114'r',115's',101'e',95'_',110'n',97'a',
109'm',101'e'},
                   {117440516},
                   50331649
                 },
                 {
                   {101'e',113'q',117'u',97'a',108'l'},
                   {50331649,50331649},
                   16777217
                 },
                 {
                   {103'g',101'e',116't',95'_',98'b',97'a',115's',101'e',
110'n',97'a',109'm',101'e'},
                   {50331649},
                   117440516
                 },
                 {
                   {103'g',101'e',116't',95'_',112'p',97'a',116't',104'h'},
                   {50331649},
                   117440516
                 },
                 {
                   {103'g',101'e',116't',95'_',117'u',114'r',105'i'},
                   {50331649},
                   117440516
                 },
                 {
                   {103'g',101'e',116't',95'_',112'p',97'a',114'r',115's',
101'e',95'_',110'n',97'a',109'm',101'e'},
                   {50331649},
                   117440516
                 },
                 {
                   {103'g',101'e',116't',95'_',112'p',97'a',114'r',101'e',
110'n',116't'},
                   {50331649},
                   50331649,
                   0,
                   11
                 },
                 {
                   {104'h',97'a',115's',95'_',112'p',97'a',114'r',101'e',
110'n',116't'},
                   ...
    stock_list = {
                   {103'g',116't',107'k',45'-',122'z',111'o',111'o',109'm',
45'-',111'o',117'u',116't'},
                   {103'g',116't',107'k',45'-',122'z',111'o',111'o',109'm',
45'-',105'i',110'n'},
                   {103'g',116't',107'k',45'-',122'z',111'o',111'o',109'm',
45'-',102'f',105'i',116't'},
                   {103'g',116't',107'k',45'-',122'z',111'o',111'o',109'm',
45'-',49'1',48'0',48'0'},
                   {103'g',116't',107'k',45'-',121'y',101'e',115's'},
                   {103'g',116't',107'k',45'-',117'u',110'n',105'i',110'n',
100'd',101'e',110'n',116't'},
                   {103'g',116't',107'k',45'-',117'u',110'n',100'd',111'o'},
                   {103'g',116't',107'k',45'-',117'u',110'n',100'd',101'e',
114'r',108'l',105'i',110'n',101'e'},
                   {103'g',116't',107'k',45'-',117'u',110'n',100'd',101'e',
108'l',101'e',116't',101'e'},
                   {103'g',116't',107'k',45'-',115's',116't',114'r',105'i',
107'k',101'e',116't',104'h',114'r',111'o',117'u',103'g',104'h'},
                   {103'g',116't',107'k',45'-',115's',116't',111'o',112'p'},
                   {103'g',116't',107'k',45'-',115's',112'p',101'e',108'l',
108'l',45'-',99'c',104'h',101'e',99'c',107'k'},
                   {103'g',116't',107'k',45'-',115's',111'o',114'r',116't',
45'-',100'd',101'e',115's',99'c',101'e',110'n',100'd',105'i',110'n',103'g'},
                   {103'g',116't',107'k',45'-',115's',111'o',114'r',116't',
45'-',97'a',115's',99'c',101'e',110'n',100'd',105'i',110'n',103'g'},
                   {103'g',116't',107'k',45'-',115's',101'e',108'l',101'e',
99'c',116't',45'-',102'f',111'o',110'n',116't'},
                   {103'g',116't',107'k',45'-',115's',101'e',108'l',101'e',
99'c',116't',45'-',99'c',111'o',108'l',111'o',114'r'},
                   {103'g',116't',107'k',45'-',115's',101'e',108'l',101'e',
99'c',116't',45'-',97'a',108'l',108'l'},
                   {103'g',116't',107'k',45'-',115's',97'a',118'v',101'e',
45'-',97'a',115's'},
                   {103'g',116't',107'k',45'-',115's',97'a',118'v',101'e'},
                   {103'g',116't',107'k',45'-',114'r',101'e',118'v',101'e',
114'r',116't',45'-',116't',111'o',45'-',115's',97'a',118'v',101'e',100'd'},
                   {103'g',116't',107'k',45'-',114'r',101'e',109'm',111'o',
118'v',101'e'},
                   {103'g',116't',107'k',45'-',114'r',101'e',102'f',114'r',
101'e',115's',104'h'},
                   {103'g',116't',107'k',45'-',114'r',101'e',100'd',111'o'},
                   {103'g',116't',107'k',45'-',113'q',117'u',105'i',116't'},
                   {103'g',116't',107'k',45'-',112'p',114'r',111'o',112'p',
101'e',114'r',116't',105'i',101'e',115's'},
                   {103'g',116't',107'k',45'-',112'p',114'r',105'i',110'n',
116't',45'-',119'w',97'a',114'r',110'n',105'i',110'n',103'g'},
                   {103'g',116't',107'k',45'-',112'p',114'r',105'i',110'n',
116't',45'-',114'r',101'e',112'p',111'o',114'r',116't'},
                   {103'g',116't',107'k',45'-',112'p',114'r',105'i',110'n',
116't',45'-',112'p',114'r',101'e',118'v',105'i',101'e',119'w'},
                   {103'g',116't',107'k',45'-',112'p',114'r',105'i',110'n',
116't',45'-',112'p',97'a',117'u',115's',101'e',100'd'},
                   {103'g',116't',107'k',45'-',112'p',114'r',105'i',110'n',
116't',45'-',101'e',114'r',114'r',111'o',114'r'},
                   {103'g',116't',107'k',45'-',112'p',114'r',105'i',110'n',
116't'},
                   {103'g',116't',107'k',45'-',112'p',114'r',101'e',102'f',
101'e',114'r',101'e',110'n',99'c',101'e',115's'},
                   {103'g',116't',107'k',45'-',112'p',97'a',115's',116't',
101'e'},
                   {103'g',116't',107'k',45'-',112'p',97'a',103'g',101'e',
45'-',115's',101'e',116't',117'u',112'p'},
                   {103'g',116't',107'k',45'-',111'o',114'r',105'i',101'e',
110'n',116't',97'a',116't',105'i',111'o',110'n',45'-',114'r',101'e',118'v',
101'e',114'r',115's',101'e',45'-',112'p',111'o',114'r',116't',114'r',97'a',
105'i',116't'},
                   {103'g',116't',107'k',45'-',111'o',114'r',105'i',101'e',
110'n',116't',97'a',116't',105'i',111'o',110'n',45'-',114'r',101'e',118'v',
101'e',114'r',115's',101'e',45'-',108'l',97'a',110'n',100'd',115's',99'c',
97'a',112'p',101'e'},
                   {103'g',116't',107'k',45'-',111'o',114'r',105'i',101'e',
110'n',116't',97'a',116't',105'i',111'o',110'n',45'-',112'p',111'o',114'r',
116't',114'r',97'a',105'i',116't'},
                   {103'g',116't',107'k',45'-',111'o',114'r',105'i',101'e',
110'n',116't',97'a',116't',105'i',111'o',110'n',45'-',108'l',97'a',110'n',
100'd',115's',99'c',97'a',112'p',101'e'},
                   {103'g',116't',107'k',45'-',111'o',112'p',101'e',110'n'},
                   {103'g',116't',107'k',45'-',111'o',107'k'},
                   {103'g',116't',107'k',45'-',110'n',111'o'},
                   {103'g',116't',107'k',45'-',110'n',101'e',119'w'},
                   {103'g',116't',107'k',45'-',110'n',101'e',116't',119'w',
111'o',114'r',107'k'},
                   {103'g',116't',107'k',45'-',109'm',105'i',115's',115's',
105'i',110'n',103'g',45'-',105'i',109'm',97'a',103'g',101'e'},
                   {103'g',116't',107'k',45'-',109'm',101'e',100'd',105'i',
97'a',45'-',115's',116't',111'o',112'p'},
                   {103'g',116't',107'k',45'-',109'm',101'e',100'd',105'i',
97'a',45'-',114'r',101'e',119'w',105'i',110'n',100'd'},
                   {103'g',116't',107'k',45'-',109'm',101'e',100'd',105'i',
97'a',45'-',114'r',101'e',99'c',111'o',114'r',100'd'},
                   {103'g',116't',107'k',45'-',109'm',101'e',100'd',105'i',
97'a',45'-',112'p',114'r',101'e',118'v',105'i',111'o',117'u',115's'},
                   {103'g',116't',107'k',45'-',109'm',101'e',100'd',105'i',
97'a',45'-',112'p',108'l',97'a',121'y'},
                   {103'g',116't',107'k',45'-',109'm',101'e',100'd',105'i',
97'a',45'-',112'p',97'a',117'u',115's',101'e'},
                   {103'g',116't',107'k',45'-',109'm',101'e',100'd',105'i',
97'a',45'-',110'n',101'e',120'x',116't'},
                   {103'g',116't',107'k',45'-',109'm',101'e',100'd',105'i',
97'a',45'-',102'f',111'o',114'r',119'w',97'a',114'r',100'd'},
                   {103'g',116't',107'k',45'-',108'l',101'e',97'a',118'v',
101'e',45'-',102'f',117'u',108'l',108'l',115's',99'c',114'r',101'e',101'e',
110'n'},
                   {103'g',116't',107'k',45'-',106'j',117'u',115's',116't',
105'i',102'f',121'y',45'-',114'r',105'i',103'g',104'h',116't'},
                   {103'g',116't',107'k',45'-',106'j',117'u',115's',116't',
105'i',102'f',121'y',45'-',108'l',101'e',102'f',116't'},
                   {103'g',116't',107'k',45'-',106'j',117'u',115's',116't',
105'i',102'f',121'y',45'-',102'f',105'i',108'l',108'l'},
                   {103'g',116't',107'k',45'-',106'j',117'u',115's',116't',
105'i',102'f',121'y',45'-',99'c',101'e',110'n',116't',101'e',114'r'},
                   {103'g',116't',107'k',45'-',106'j',117'u',109'm',112'p',
45'-',116't',111'o'},
                   {103'g',116't',107'k',45'-',105'i',116't',97'a',108'l',
105'i',99'c'},
                   {103'g',116't',107'k',45'-',105'i',110'n',102'f',111'o'},
                   {103'g',116't',107'k',45'-',105'i',110'n',100'd',101'e',
120'x'},
                   {103'g',116't',107'k',45'-',105'i',110'n',100'd',101'e',
110'n',116't'},
                   {103'g',116't',107'k',45'-',104'h',111'o',109'm',101'e'},
                   {103'g',116't',107'k',45'-',104'h',101'e',108'l',112'p'},
                   {103'g',116't',107'k',45'-',104'h',97'a',114'r',100'd',
100'd',105'i',115's',107'k'},
                   {103'g',116't',107'k',45'-',103'g',111'o',116't',111'o',
45'-',116't',111'o',112'p'},
                   {103'g',116't',107'k',45'-',103'g',111'o',116't',111'o',
45'-',108'l',97'a',115's',116't'},
                   {103'g',116't',107'k',45'-',103'g',111'o',116't',111'o',
45'-',102'f',105'i',114'r',115's',116't'},
                   {103'g',116't',107'k',45'-',103'g',111'o',116't',111'o',
45'-',98'b',111'o',116't',116't',111'o',109'm'},
                   {103'g',116't',107'k',45'-',103'g',111'o',45'-',117'u',
112'p'},
                   {103'g',116't',107'k',45'-',103'g',111'o',45'-',102'f',
111'o',114'r',119'w',97'a',114'r',100'd'},
                   {103'g',116't',107'k',45'-',103'g',111'o',45'-',100'd',
111'o',119'w',110'n'},
                   {103'g',116't',107'k',45'-',103'g',111'o',45'-',98'b',
97'a',99'c',107'k'},
                   {103'g',116't',107'k',45'-',102'f',117'u',108'l',108'l',
115's',99'c',114'r',101'e',101'e',110'n'},
                   {103'g',116't',107'k',45'-',102'f',108'l',111'o',112'p',
112'p',121'y'},
                   {103'g',116't',107'k',45'-',102'f',105'i',110'n',100'd',
45'-',97'a',110'n',100'd',45'-',114'r',101'e',112'p',108'l',97'a',99'c',
101'e'},
                   {103'g',116't',107'k',45'-',102'f',105'i',110'n',100'd'},
                   {103'g',116't',107'k',45'-',102'f',105'i',108'l',101'e'},
                   {103'g',116't',107'k',45'-',101'e',120'x',101'e',99'c',
117'u',116't',101'e'},
                   {103'g',116't',107'k',45'-',101'e',100'd',105'i',116't'},
                   {103'g',116't',107'k',45'-',100'd',110'n',100'd',45'-',
109'm',117'u',108'l',116't',105'i',112'p',108'l',101'e'},
                   {103'g',116't',107'k',45'-',100'd',110'n',100'd'},
                   {103'g',116't',107'k',45'-',100'd',105'i',115's',99'c',
111'o',110'n',110'n',101'e',99'c',116't'},
                   {103'g',116't',107'k',45'-',100'd',105'i',115's',99'c',
97'a',114'r',100'd'},
                   {103'g',116't',107'k',45'-',100'd',105'i',114'r',101'e',
99'c',116't',111'o',114'r',121'y'},
                   {103'g',116't',107'k',45'-',100'd',105'i',97'a',108'l',
111'o',103'g',45'-',119'w',97'a',114'r',110'n',105'i',110'n',103'g'},
                   {103'g',116't',107'k',45'-',100'd',105'i',97'a',108'l',
111'o',103'g',45'-',113'q',117'u',101'e',115's',116't',105'i',111'o',110'n'},
                   {103'g',116't',107'k',45'-',100'd',105'i',97'a',108'l',
111'o',103'g',45'-',105'i',110'n',102'f',111'o'},
                   {103'g',116't',107'k',45'-',100'd',105'i',97'a',108'l',
111'o',103'g',45'-',101'e',114'r',114'r',111'o',114'r'},
                   {103'g',116't',107'k',45'-',100'd',105'i',97'a',108'l',
111'o',103'g',45'-',97'a',117'u',116't',104'h',101'e',110'n',116't',105'i',
99'c',97'a',116't',105'i',111'o',110'n'},
                   {103'g',116't',107'k',45'-',100'd',101'e',108'l',101'e',
116't',101'e'},
                   {103'g',116't',107'k',45'-',99'c',117'u',116't'},
                   {103'g',116't',107'k',45'-',99'c',111'o',112'p',121'y'},
                   {103'g',116't',107'k',45'-',99'c',111'o',110'n',118'v',
101'e',114'r',116't'},
                   {103'g',116't',107'k',45'-',99'c',111'o',110'n',110'n',
101'e',99'c',116't'},
                   {103'g',116't',107'k',45'-',99'c',111'o',108'l',111'o',
114'r',45'-',112'p',105'i',99'c',107'k',101'e',114'r'},
                   {103'g',116't',107'k',45'-',99'c',108'l',111'o',115's',
101'e'},
                   {103'g',116't',107'k',45'-',99'c',108'l',101'e',97'a',
114'r'},
                   {103'g',116't',107'k',45'-',99'c',100'd',114'r',111'o',
109'm'},
                   {103'g',116't',107'k',45'-',99'c',97'a',112'p',115's',
45'-',108'l',111'o',99'c',107'k',45'-',119'w',97'a',114'r',110'n',105'i',
110'n',103'g'},
                   {103'g',116't',107'k',45'-',99'c',97'a',110'n',99'c',
101'e',108'l'},
                   {103'g',116't',107'k',45'-',98'b',111'o',108'l',100'd'},
                   {103'g',116't',107'k',45'-',97'a',112'p',112'p',108'l',
121'y'},
                   {103'g',116't',107'k',45'-',97'a',100'd',100'd'},
                   {103'g',116't',107'k',45'-',97'a',98'b',111'o',117'u',
116't'}
                 }
    temp_list = <no value>
    current_builder_file = {}
    class_name_index = {
                         {71'G',79'O',98'b',106'j',101'e',99'c',116't'},
                         0,
                         0,
                         0,
                         {71'G',65'A',112'p',112'p',73'I',110'n',102'f',
111'o'},
                         {71'G',65'A',112'p',112'p',108'l',105'i',99'c',
97'a',116't',105'i',111'o',110'n'},
                         {71'G',67'C',97'a',110'n',99'c',101'e',108'l',108'l',
97'a',98'b',108'l',101'e'},
                         0,
                         {71'G',69'E',109'm',98'b',108'l',101'e',109'm'},
                         {71'G',69'E',109'm',98'b',108'l',101'e',109'm',
101'e',100'd',73'I',99'c',111'o',110'n'},
                         {71'G',70'F',105'i',108'l',101'e'},
                         {71'G',70'F',105'i',108'l',101'e',73'I',99'c',111'o',
110'n'},
                         {71'G',70'F',105'i',108'l',101'e',73'I',110'n',
102'f',111'o'},
                         0,
                         {71'G',73'I',99'c',111'o',110'n'},
                         {71'G',73'I',100'd',108'l',101'e'},
                         0,
                         0,
                         {71'G',76'L',105'i',115's',116't'},
                         {71'G',77'M',101'e',110'n',117'u'},
                         {71'G',77'M',101'e',110'n',117'u',73'I',116't',
101'e',109'm'},
                         {71'G',77'M',101'e',110'n',117'u',77'M',111'o',
100'd',101'e',108'l'},
                         0,
                         {71'G',78'N',111'o',116't',105'i',102'f',105'i',
99'c',97'a',116't',105'i',111'o',110'n'},
                         {71'G',80'P',101'e',114'r',109'm',105'i',115's',
115's',105'i',111'o',110'n'},
                         0,
                         {71'G',83'S',101'e',116't',116't',105'i',110'n',
103'g',115's'},
                         0,
                         0,
                         {71'G',83'S',105'i',109'm',112'p',108'l',101'e',
80'P',101'e',114'r',109'm',105'i',115's',115's',105'i',111'o',110'n'},
                         {71'G',83'S',76'L',105'i',115's',116't'},
                         {71'G',84'T',104'h',101'e',109'm',101'e',100'd',
73'I',99'c',111'o',110'n'},
                         {71'G',84'T',105'i',109'm',101'e',111'o',117'u',
116't'},
                         0,
                         0,
                         {71'G',100'd',107'k',67'C',117'u',114'r',115's',
111'o',114'r'},
                         {71'G',100'd',107'k',68'D',101'e',118'v',105'i',
99'c',101'e'},
                         {71'G',100'd',107'k',68'D',101'e',118'v',105'i',
99'c',101'e',77'M',97'a',110'n',97'a',103'g',101'e',114'r'},
                         {71'G',100'd',107'k',68'D',105'i',115's',112'p',
108'l',97'a',121'y'},
                         {71'G',100'd',107'k',69'E',118'v',101'e',110'n',
116't'},
                         {71'G',100'd',107'k',69'E',118'v',101'e',110'n',
116't',83'S',101'e',113'q',117'u',101'e',110'n',99'c',101'e'},
                         {71'G',100'd',107'k',70'F',114'r',97'a',109'm',
101'e',67'C',108'l',111'o',99'c',107'k'},
                         {71'G',100'd',107'k',70'F',114'r',97'a',109'm',
101'e',84'T',105'i',109'm',105'i',110'n',103'g',115's'},
                         {71'G',100'd',107'k',71'G',76'L',67'C',111'o',110'n',
116't',101'e',120'x',116't'},
                         {71'G',100'd',107'k',71'G',76'L',80'P',114'r',111'o',
102'f',105'i',108'l',101'e'},
                         0,
                         {71'G',100'd',107'k',75'K',101'e',121'y',109'm',
97'a',112'p'},
                         0,
                         {71'G',100'd',107'k',80'P',105'i',120'x',98'b',
117'u',102'f'},
                         {71'G',100'd',107'k',80'P',105'i',120'x',98'b',
117'u',102'f',65'A',110'n',105'i',109'm',97'a',116't',105'i',111'o',110'n'},
                         {71'G',100'd',107'k',80'P',105'i',120'x',98'b',
117'u',102'f',65'A',110'n',105'i',109'm',97'a',116't',105'i',111'o',110'n',
73'I',116't',101'e',114'r'},
                         {71'G',100'd',107'k',80'P',105'i',120'x',98'b',
117'u',102'f',70'F',111'o',114'r',109'm',97'a',116't'},
                         {71'G',100'd',107'k',82'R',101'e',99'c',116't',
97'a',110'n',103'g',108'l',101'e'},
                         {71'G',100'd',107'k',83'S',99'c',114'r',101'e',
101'e',110'n'},
                         {71'G',100'd',107'k',83'S',101'e',97'a',116't'},
                         0,
                         {71'G',100'd',107'k',86'V',105'i',115's',117'u',
97'a',108'l'},
                         {71'G',100'd',107'k',86'V',117'u',108'l',107'k',
97'a',110'n',67'C',111'o',110'n',116't',101'e',120'x',116't'},
                         {71'G',100'd',107'k',87'W',105'i',110'n',100'd',
111'o',119'w'},
                         0,
                         0,
                         0,
                         {71'G',116't',107'k',65'A',98'b',111'o',117'u',
116't',68'D',105'i',97'a',108'l',111'o',103'g'},
                         {71'G',116't',107'k',65'A',99'c',99'c',101'e',108'l',
71'G',114'r',111'o',117'u',112'p'},
                         {71'G',116't',107'k',65'A',99'c',99'c',101'e',108'l',
76'L',97'a',98'b',101'e',108'l'},
                         {71'G',116't',107'k',65'A',99'c',99'c',101'e',115's',
115's',105'i',98'b',108'l',101'e'},
                         {71'G',116't',107'k',65'A',99'c',116't',105'i',
111'o',110'n',66'B',97'a',114'r'},
                         {71'G',116't',107'k',65'A',100'd',106'j',117'u',
115's',116't',109'm',101'e',110'n',116't'},
                         {71'G',116't',107'k',65'A',108'l',105'i',103'g',
110'n',109'm',101'e',110'n',116't'},
                         {71'G',116't',107'k',65'A',112'p',112'p',67'C',
104'h',111'o',111'o',115's',101'e',114'r'},
                         {71'G',116't',107'k',65'A',112'p',112'p',67'C',
104'h',111'o',111'o',115's',101'e',114'r',66'B',117'u',116't',116't',111'o',
110'n'},
                         {71'G',116't',107'k',65'A',112'p',112'p',67'C',
104'h',111'o',111'o',115's',101'e',114'r',68'D',105'i',97'a',108'l',111'o',
103'g'},
                         {71'G',116't',107'k',65'A',112'p',112'p',67'C',
104'h',111'o',111'o',115's',101'e',114'r',87'W',105'i',100'd',103'g',101'e',
116't'},
                         {71'G',116't',107'k',65'A',112'p',112'p',76'L',
97'a',117'u',110'n',99'c',104'h',67'C',111'o',110'n',116't',101'e',120'x',
116't'},
                         {71'G',116't',107'k',65'A',112'p',112'p',108'l',
105'i',99'c',97'a',116't',105'i',111'o',110'n'},
                         {71'G',116't',107'k',65'A',112'p',112'p',108'l',
105'i',99'c',97'a',116't',105'i',111'o',110'n',87'W',105'i',110'n',100'd',
111'o',119'w'},
                         {71'G',116't',107'k',65'A',114'r',114'r',111'o',
119'w'},
                         {71'G',116't',107'k',65'A',115's',112'p',101'e',
99'c',116't',70'F',114'r',97'a',109'm',101'e'},
                         {71'G',116't',107'k',65'A',115's',115's',105'i',
115's',116't',97'a',110'n',116't'},
                         {71'G',116't',107'k',66'B',105'i',110'n'},
                         0,
                         0,
                         {71'G',116't',107'k',66'B',111'o',114'r',100'd',
101'e',114'r'},
                         {71'G',116't',107'k',66'B',111'o',120'x'},
                         {71'G',116't',107'k',66'B',117'u',105'i',108'l',
100'd',97'a',98'b',108'l',101'e'},
                         {71'G',116't',107'k',66'B',117'u',105'i',108'l',
100'd',101'e',114'r'},
                         {71'G',116't',107'k',66'B',117'u',116't',116't',
111'o',110'n'},
                         {71'G',116't',107'k',66'B',117'u',116't',116't',
111'o',110'n',66'B',111'o',120'x'},
                         {71'G',116't',107'k',67'C',97'a',108'l',101'e',
110'n',100'd',97'a',114'r'},
                         {71'G',116't',107'k',67'C',101'e',108'l',108'l',
65'A',114'r',101'e',97'a'},
                         {71'G',116't',107'k',67'C',101'e',108'l',108'l',
65'A',114'r',101'e',97'a',66'B',111'o',120'x'},
                         {71'G',116't',107'k',67'C',101'e',108'l',108'l',
65'A',114'r',101'e',97'a',67'C',101'e',108'l',108'l'},
                         {71'G',116't',107'k',67'C',101'e',108'l',108'l',
65'A',114'r',101'e',97'a',67'C',111'o',110'n',116't',101'e',120'x',116't'},
                         {71'G',116't',107'k',67'C',101'e',108'l',108'l',
69'E',100'd',105'i',116't',97'a',98'b',108'l',101'e'},
                         {71'G',116't',107'k',67'C',101'e',108'l',108'l',
76'L',97'a',121'y',111'o',117'u',116't'},
                         {71'G',116't',107'k',67'C',101'e',108'l',108'l',
82'R',101'e',110'n',100'd',101'e',114'r',101'e',114'r'},
                         {71'G',116't',107'k',67'C',101'e',108'l',108'l',
82'R',101'e',110'n',100'd',101'e',114'r',101'e',114'r',65'A',99'c',99'c',
101'e',108'l'},
                         {71'G',116't',107'k',67'C',101'e',108'l',108'l',
82'R',101'e',110'n',100'd',101'e',114'r',101'e',114'r',67'C',111'o',109'm',
98'b',111'o'},
                         {71'G',116't',107'k',67'C',101'e',108'l',108'l',
82'R',101'e',110'n',100'd',101'e',114'r',101'e',114'r',80'P',105'i',120'x',
98'b',117'u',102'f'},
                         {71'G',116't',107'k',67'C',101'e',108'l',108'l',
82'R',101'e',110'n',100'd',101'e',114'r',101'e',114'r',80'P',114'r',111'o',
103'g',114'r',101'e',115's',115's'},
                         {71'G',116't',107'k',67'C',101'e',108'l',108'l',
82'R',101'e',110'n',100'd',101'e',114'r',101'e',114'r',83'S',112'p',105'i',
110'n'},
                         {71'G',116't',107'k',67'C',101'e',108'l',108'l',
82'R',101'e',110'n',100'd',101'e',114'r',101'e',114'r',83'S',112'p',105'i',
110'n',110'n',101'e',114'r'},
                         {71'G',116't',107'k',67'C',101'e',108'l',108'l',
82'R',101'e',110'n',100'd',101'e',114'r',101'e',114'r',84'T',101'e',120'x',
116't'},
                         {71'G',116't',107'k',67'C',101'e',108'l',108'l',
82'R',101'e',110'n',100'd',101'e',114'r',101'e',114'r',84'T',111'o',103'g',
103'g',108'l',101'e'},
                         {71'G',116't',107'k',67'C',101'e',108'l',108'l',
86'V',105'i',101'e',119'w'},
                         {71'G',116't',107'k',67'C',104'h',101'e',99'c',
107'k',66'B',117'u',116't',116't',111'o',110'n'},
                         {71'G',116't',107'k',67'C',104'h',101'e',99'c',
107'k',77'M',101'e',110'n',117'u',73'I',116't',101'e',109'm'},
                         {71'G',116't',107'k',67'C',108'l',105'i',112'p',
98'b',111'o',97'a',114'r',100'd'},
                         {71'G',116't',107'k',67'C',111'o',108'l',111'o',
114'r',66'B',117'u',116't',116't',111'o',110'n'},
                         {71'G',116't',107'k',67'C',111'o',108'l',111'o',
114'r',67'C',104'h',111'o',111'o',115's',101'e',114'r'},
                         {71'G',116't',107'k',67'C',111'o',108'l',111'o',
114'r',67'C',104'h',111'o',111'o',115's',101'e',114'r',68'D',105'i',97'a',
108'l',111'o',103'g'},
                         {71'G',116't',107'k',67'C',111'o',108'l',111'o',
114'r',67'C',104'h',111'o',111'o',115's',101'e',114'r',87'W',105'i',100'd',
103'g',101'e',116't'},
                         0,
                         0,
                         0,
                         0,
                         {71'G',116't',107'k',67'C',111'o',109'm',98'b',
111'o',66'B',111'o',120'x'},
                         {71'G',116't',107'k',67'C',111'o',109'm',98'b',
111'o',66'B',111'o',120'x',69'E',110'n',116't',114'r',121'y'},
                         {71'G',116't',107'k',67'C',111'o',109'm',98'b',
111'o',66'B',111'o',120'x',84'T',101'e',120'x',116't'},
                         {71'G',116't',107'k',67'C',111'o',110'n',116't',
97'a',105'i',110'n',101'e',114'r'},
                         {71'G',116't',107'k',67'C',115's',115's',80'P',
114'r',111'o',118'v',105'i',100'd',101'e',114'r'},
                         {71'G',116't',107'k',67'C',115's',115's',83'S',
101'e',99'c',116't',105'i',111'o',110'n'},
                         {71'G',116't',107'k',68'D',105'i',97'a',108'l',
111'o',103'g'},
                         {71'G',116't',107'k',68'D',114'r',97'a',103'g'},
                         {71'G',116't',107'k',68'D',114'r',97'a',103'g',
68'D',101'e',115's',116't'},
                         {71'G',116't',107'k',68'D',114'r',97'a',103'g',
83'S',111'o',117'u',114'r',99'c',101'e'},
                         {71'G',116't',107'k',68'D',114'r',97'a',119'w',
105'i',110'n',103'g',65'A',114'r',101'e',97'a'},
                         {71'G',116't',107'k',69'E',100'd',105'i',116't',
97'a',98'b',108'l',101'e'},
                         {71'G',116't',107'k',69'E',110'n',116't',114'r',
121'y'},
                         {71'G',116't',107'k',69'E',110'n',116't',114'r',
121'y',66'B',117'u',102'f',102'f',101'e',114'r'},
                         {71'G',116't',107'k',69'E',110'n',116't',114'r',
121'y',67'C',111'o',109'm',112'p',108'l',101'e',116't',105'i',111'o',110'n'},
                         {71'G',116't',107'k',69'E',118'v',101'e',110'n',
116't',66'B',111'o',120'x'},
                         {71'G',116't',107'k',69'E',118'v',101'e',110'n',
116't',67'C',111'o',110'n',116't',114'r',111'o',108'l',108'l',101'e',114'r'},
                         {71'G',116't',107'k',69'E',120'x',112'p',97'a',
110'n',100'd',101'e',114'r'},
                         {71'G',116't',107'k',70'F',105'i',108'l',101'e',
67'C',104'h',111'o',111'o',115's',101'e',114'r'},
                         {71'G',116't',107'k',70'F',105'i',108'l',101'e',
67'C',104'h',111'o',111'o',115's',101'e',114'r',66'B',117'u',116't',116't',
111'o',110'n'},
                         {71'G',116't',107'k',70'F',105'i',108'l',101'e',
67'C',104'h',111'o',111'o',115's',101'e',114'r',68'D',105'i',97'a',108'l',
111'o',103'g'},
                         {71'G',116't',107'k',70'F',105'i',108'l',101'e',
67'C',104'h',111'o',111'o',115's',101'e',114'r',78'N',97'a',116't',105'i',
118'v',101'e'},
                         {71'G',116't',107'k',70'F',105'i',108'l',101'e',
67'C',104'h',111'o',111'o',115's',101'e',114'r',87'W',105'i',100'd',103'g',
101'e',116't'},
                         {71'G',116't',107'k',70'F',105'i',108'l',101'e',
70'F',105'i',108'l',116't',101'e',114'r'},
                         {71'G',116't',107'k',70'F',105'i',120'x',101'e',
100'd'},
                         {71'G',116't',107'k',70'F',108'l',111'o',119'w',
66'B',111'o',120'x'},
                         {71'G',116't',107'k',70'F',108'l',111'o',119'w',
66'B',111'o',120'x',67'C',104'h',105'i',108'l',100'd'},
                         {71'G',116't',107'k',70'F',111'o',110'n',116't',
66'B',117'u',116't',116't',111'o',110'n'},
                         {71'G',116't',107'k',70'F',111'o',110'n',116't',
67'C',104'h',111'o',111'o',115's',101'e',114'r'},
                         {71'G',116't',107'k',70'F',111'o',110'n',116't',
67'C',104'h',111'o',111'o',115's',101'e',114'r',68'D',105'i',97'a',108'l',
111'o',103'g'},
                         {71'G',116't',107'k',70'F',111'o',110'n',116't',
67'C',104'h',111'o',111'o',115's',101'e',114'r',87'W',105'i',100'd',103'g',
101'e',116't'},
                         {71'G',116't',107'k',70'F',114'r',97'a',109'm',
101'e'},
                         {71'G',116't',107'k',71'G',101'e',115's',116't',
117'u',114'r',101'e'},
                         {71'G',116't',107'k',71'G',101'e',115's',116't',
117'u',114'r',101'e',83'S',105'i',110'n',103'g',108'l',101'e'},
                         {71'G',116't',107'k',71'G',101'e',115's',116't',
117'u',114'r',101'e',68'D',114'r',97'a',103'g'},
                         {71'G',116't',107'k',71'G',101'e',115's',116't',
117'u',114'r',101'e',76'L',111'o',110'n',103'g',80'P',114'r',101'e',115's',
115's'},
                         {71'G',116't',107'k',71'G',101'e',115's',116't',
117'u',114'r',101'e',77'M',117'u',108'l',116't',105'i',80'P',114'r',101'e',
115's',115's'},
                         {71'G',116't',107'k',71'G',101'e',115's',116't',
117'u',114'r',101'e',80'P',97'a',110'n'},
                         {71'G',116't',107'k',71'G',101'e',115's',116't',
117'u',114'r',101'e',82'R',111'o',116't',97'a',116't',101'e'},
                         {71'G',116't',107'k',71'G',101'e',115's',116't',
117'u',114'r',101'e',83'S',119'w',105'i',112'p',101'e'},
                         {71'G',116't',107'k',71'G',101'e',115's',116't',
117'u',114'r',101'e',90'Z',111'o',111'o',109'm'},
                         {71'G',116't',107'k',71'G',76'L',65'A',114'r',101'e',
97'a'},
                         {71'G',116't',107'k',71'G',114'r',105'i',100'd'},
                         {71'G',116't',107'k',72'H',101'e',97'a',100'd',
101'e',114'r',66'B',97'a',114'r'},
                         {71'G',116't',107'k',73'I',99'c',111'o',110'n',
73'I',110'n',102'f',111'o'},
                         0,
                         {71'G',116't',107'k',73'I',99'c',111'o',110'n',
84'T',104'h',101'e',109'm',101'e'},
                         {71'G',116't',107'k',73'I',99'c',111'o',110'n',
86'V',105'i',101'e',119'w'},
                         {71'G',116't',107'k',73'I',109'm',97'a',103'g',
101'e'},
                         {71'G',116't',107'k',73'I',109'm',97'a',103'g',
101'e',77'M',101'e',110'n',117'u',73'I',116't',101'e',109'm'},
                         {71'G',116't',107'k',73'I',110'n',102'f',111'o',
66'B',97'a',114'r'},
                         {71'G',116't',107'k',73'I',110'n',118'v',105'i',
115's',105'i',98'b',108'l',101'e'},
                         {71'G',116't',107'k',76'L',97'a',98'b',101'e',108'l'},
                         {71'G',116't',107'k',76'L',97'a',121'y',111'o',
117'u',116't'},
                         {71'G',116't',107'k',76'L',101'e',118'v',101'e',
108'l',66'B',97'a',114'r'},
                         {71'G',116't',107'k',76'L',105'i',110'n',107'k',
66'B',117'u',116't',116't',111'o',110'n'},
                         {71'G',116't',107'k',76'L',105'i',115's',116't',
66'B',111'o',120'x'},
                         {71'G',116't',107'k',76'L',105'i',115's',116't',
66'B',111'o',120'x',82'R',111'o',119'w'},
                         {71'G',116't',107'k',76'L',105'i',115's',116't',
83'S',116't',111'o',114'r',101'e'},
                         {71'G',116't',107'k',76'L',111'o',99'c',107'k',
66'B',117'u',116't',116't',111'o',110'n'},
                         {71'G',116't',107'k',77'M',101'e',110'n',117'u'},
                         {71'G',116't',107'k',77'M',101'e',110'n',117'u',
66'B',97'a',114'r'},
                         {71'G',116't',107'k',77'M',101'e',110'n',117'u',
66'B',117'u',116't',116't',111'o',110'n'},
                         {71'G',116't',107'k',77'M',101'e',110'n',117'u',
73'I',116't',101'e',109'm'},
                         {71'G',116't',107'k',77'M',101'e',110'n',117'u',
83'S',104'h',101'e',108'l',108'l'},
                         {71'G',116't',107'k',77'M',101'e',110'n',117'u',
84'T',111'o',111'o',108'l',66'B',117'u',116't',116't',111'o',110'n'},
                         {71'G',116't',107'k',77'M',101'e',115's',115's',
97'a',103'g',101'e',68'D',105'i',97'a',108'l',111'o',103'g'},
                         {71'G',116't',107'k',77'M',105'i',115's',99'c'},
                         {71'G',116't',107'k',77'M',111'o',100'd',101'e',
108'l',66'B',117'u',116't',116't',111'o',110'n'},
                         {71'G',116't',107'k',77'M',111'o',117'u',110'n',
116't',79'O',112'p',101'e',114'r',97'a',116't',105'i',111'o',110'n'},
                         {71'G',116't',107'k',78'N',97'a',116't',105'i',
118'v',101'e',68'D',105'i',97'a',108'l',111'o',103'g'},
                         {71'G',116't',107'k',78'N',111'o',116't',101'e',
98'b',111'o',111'o',107'k'},
                         {71'G',116't',107'k',78'N',117'u',109'm',101'e',
114'r',97'a',98'b',108'l',101'e',73'I',99'c',111'o',110'n'},
                         {71'G',116't',107'k',79'O',102'f',102'f',115's',
99'c',114'r',101'e',101'e',110'n',87'W',105'i',110'n',100'd',111'o',119'w'},
                         {71'G',116't',107'k',79'O',114'r',105'i',101'e',
110'n',116't',97'a',98'b',108'l',101'e'},
                         {71'G',116't',107'k',79'O',118'v',101'e',114'r',
108'l',97'a',121'y'},
                         {71'G',116't',107'k',80'P',97'a',100'd',67'C',111'o',
110'n',116't',114'r',111'o',108'l',108'l',101'e',114'r'},
                         {71'G',116't',107'k',80'P',97'a',110'n',101'e',
100'd'},
                         {71'G',116't',107'k',80'P',108'l',97'a',99'c',101'e',
115's',83'S',105'i',100'd',101'e',98'b',97'a',114'r'},
                         {71'G',116't',107'k',80'P',108'l',117'u',103'g'},
                         {71'G',116't',107'k',80'P',111'o',112'p',111'o',
118'v',101'e',114'r'},
                         {71'G',116't',107'k',80'P',111'o',112'p',111'o',
118'v',101'e',114'r',77'M',101'e',110'n',117'u'},
                         {71'G',116't',107'k',80'P',114'r',111'o',103'g',
114'r',101'e',115's',115's',66'B',97'a',114'r'},
                         {71'G',116't',107'k',82'R',97'a',100'd',105'i',
111'o',66'B',117'u',116't',116't',111'o',110'n'},
                         {71'G',116't',107'k',82'R',97'a',100'd',105'i',
111'o',77'M',101'e',110'n',117'u',73'I',116't',101'e',109'm'},
                         {71'G',116't',107'k',82'R',97'a',100'd',105'i',
111'o',84'T',111'o',111'o',108'l',66'B',117'u',116't',116't',111'o',110'n'},
                         {71'G',116't',107'k',82'R',97'a',110'n',103'g',
101'e'},
                         0,
                         {71'G',116't',107'k',82'R',101'e',99'c',101'e',
110'n',116't',67'C',104'h',111'o',111'o',115's',101'e',114'r'},
                         {71'G',116't',107'k',82'R',101'e',99'c',101'e',
110'n',116't',67'C',104'h',111'o',111'o',115's',101'e',114'r',68'D',105'i',
97'a',108'l',111'o',103'g'},
                         {71'G',116't',107'k',82'R',101'e',99'c',101'e',
110'n',116't',67'C',104'h',111'o',111'o',115's',101'e',114'r',77'M',101'e',
110'n',117'u'},
                         {71'G',116't',107'k',82'R',101'e',99'c',101'e',
110'n',116't',67'C',104'h',111'o',111'o',115's',101'e',114'r',87'W',105'i',
100'd',103'g',101'e',116't'},
                         {71'G',116't',107'k',82'R',101'e',99'c',101'e',
110'n',116't',70'F',105'i',108'l',116't',101'e',114'r'},
                         {71'G',116't',107'k',82'R',101'e',99'c',101'e',
110'n',116't',73'I',110'n',102'f',111'o'},
                         {71'G',116't',107'k',82'R',101'e',99'c',101'e',
110'n',116't',77'M',97'a',110'n',97'a',103'g',101'e',114'r'},
                         {71'G',116't',107'k',82'R',101'e',118'v',101'e',
97'a',108'l',101'e',114'r'},
                         {71'G',116't',107'k',83'S',99'c',97'a',108'l',101'e'},
                         {71'G',116't',107'k',83'S',99'c',97'a',108'l',101'e',
66'B',117'u',116't',116't',111'o',110'n'},
                         {71'G',116't',107'k',83'S',99'c',114'r',111'o',
108'l',108'l',97'a',98'b',108'l',101'e'},
                         {71'G',116't',107'k',83'S',99'c',114'r',111'o',
108'l',108'l',98'b',97'a',114'r'},
                         {71'G',116't',107'k',83'S',99'c',114'r',111'o',
108'l',108'l',101'e',100'd',87'W',105'i',110'n',100'd',111'o',119'w'},
                         {71'G',116't',107'k',83'S',101'e',97'a',114'r',
99'c',104'h',66'B',97'a',114'r'},
                         {71'G',116't',107'k',83'S',101'e',97'a',114'r',
99'c',104'h',69'E',110'n',116't',114'r',121'y'},
                         {71'G',116't',107'k',83'S',101'e',108'l',101'e',
99'c',116't',105'i',111'o',110'n',68'D',97'a',116't',97'a'},
                         {71'G',116't',107'k',83'S',101'e',112'p',97'a',
114'r',97'a',116't',111'o',114'r'},
                         {71'G',116't',107'k',83'S',101'e',112'p',97'a',
114'r',97'a',116't',111'o',114'r',77'M',101'e',110'n',117'u',73'I',116't',
101'e',109'm'},
                         {71'G',116't',107'k',83'S',101'e',112'p',97'a',
114'r',97'a',116't',111'o',114'r',84'T',111'o',111'o',108'l',73'I',116't',
101'e',109'm'},
                         {71'G',116't',107'k',83'S',101'e',116't',116't',
105'i',110'n',103'g',115's'},
                         {71'G',116't',107'k',83'S',104'h',111'o',114'r',
116't',99'c',117'u',116't',115's',71'G',101'e',115's',116't',117'u',114'r',
101'e'},
                         {71'G',116't',107'k',83'S',104'h',111'o',114'r',
116't',99'c',117'u',116't',115's',71'G',114'r',111'o',117'u',112'p'},
                         {71'G',116't',107'k',83'S',104'h',111'o',114'r',
116't',99'c',117'u',116't',115's',83'S',101'e',99'c',116't',105'i',111'o',
110'n'},
                         {71'G',116't',107'k',83'S',104'h',111'o',114'r',
116't',99'c',117'u',116't',115's',83'S',104'h',111'o',114'r',116't',99'c',
117'u',116't'},
                         {71'G',116't',107'k',83'S',104'h',111'o',114'r',
116't',99'c',117'u',116't',115's',87'W',105'i',110'n',100'd',111'o',119'w'},
                         {71'G',116't',107'k',83'S',111'o',99'c',107'k',
101'e',116't'},
                         {71'G',116't',107'k',83'S',105'i',100'd',101'e',
98'b',97'a',114'r'},
                         {71'G',116't',107'k',83'S',105'i',122'z',101'e',
71'G',114'r',111'o',117'u',112'p'},
                         {71'G',116't',107'k',83'S',112'p',105'i',110'n',
66'B',117'u',116't',116't',111'o',110'n'},
                         {71'G',116't',107'k',83'S',112'p',105'i',110'n',
110'n',101'e',114'r'},
                         {71'G',116't',107'k',83'S',116't',97'a',99'c',107'k'},
                         {71'G',116't',107'k',83'S',116't',97'a',99'c',107'k',
83'S',105'i',100'd',101'e',98'b',97'a',114'r'},
                         {71'G',116't',107'k',83'S',116't',97'a',99'c',107'k',
83'S',119'w',105'i',116't',99'c',104'h',101'e',114'r'},
                         {71'G',116't',107'k',83'S',116't',97'a',116't',
117'u',115's',66'B',97'a',114'r'},
                         {71'G',116't',107'k',83'S',116't',97'a',116't',
117'u',115's',73'I',99'c',111'o',110'n'},
                         {71'G',116't',107'k',83'S',116't',111'o',99'c',
107'k',76'L',105'i',115's',116't'},
                         0,
                         {71'G',116't',107'k',83'S',116't',121'y',108'l',
101'e',67'C',111'o',110'n',116't',101'e',120'x',116't'},
                         {71'G',116't',107'k',83'S',116't',121'y',108'l',
101'e',80'P',114'r',111'o',118'v',105'i',100'd',101'e',114'r'},
                         {71'G',116't',107'k',83'S',119'w',105'i',116't',
99'c',104'h'},
                         {71'G',116't',107'k',84'T',97'a',114'r',103'g',
101'e',116't',69'E',110'n',116't',114'r',121'y'},
                         {71'G',116't',107'k',84'T',97'a',114'r',103'g',
101'e',116't',76'L',105'i',115's',116't'},
                         {71'G',116't',107'k',84'T',101'e',120'x',116't',
65'A',116't',116't',114'r',105'i',98'b',117'u',116't',101'e',115's'},
                         {71'G',116't',107'k',84'T',101'e',120'x',116't',
66'B',117'u',102'f',102'f',101'e',114'r'},
                         ...
    i = 315
    syntax_error_message = 0

 /home/irv/demos/GtkFileSelector.e:
    create_folders = 1
    local_only = 1
    select_multiple = 1
    show_hidden = 0
    do_overwrite_confirmation = 1
    show_preview = 1
    use_preview_label = 0
    preview_size = 400
    filters = {
                {105'i',109'm',97'a',103'g',101'e',115's'}
              }
    custom_filter = 0

 /home/irv/demos/examples/Archives/GalleryMaker.ex:
    FN = <no value>
    input = -4
    output = {47'/',104'h',111'o',109'm',101'e',47'/',105'i',114'r',118'v',
47'/',111'o',117'u',116't',112'p',117'u',116't',46'.',104'h',116't',109'm',
108'l'}


